[0.009s] Invoking command in '/home/leeeezy/Workspace/GEEK-EGRET-FPV-SDK/Node/ORBBEC_CAMERA/build/orbbec_camera': CMAKE_PREFIX_PATH=${CMAKE_PREFIX_PATH}:/opt/ros/humble /usr/bin/cmake --build /home/leeeezy/Workspace/GEEK-EGRET-FPV-SDK/Node/ORBBEC_CAMERA/build/orbbec_camera -- -j20 -l20
[0.041s] [35m[1mConsolidate compiler generated dependencies of target orbbec_camera[0m
[0.054s] [ 50%] [32mBuilding CXX object CMakeFiles/orbbec_camera.dir/src/orbbec_camera.cpp.o[0m
[2.028s] [01m[K/home/leeeezy/Workspace/GEEK-EGRET-FPV-SDK/Node/ORBBEC_CAMERA/ORBBEC_CAMERA_ROS_WS/src/orbbec_camera.cpp:[m[K In constructor ‘[01m[KOrbbecCamera::OrbbecCamera()[m[K’:
[2.028s] [01m[K/home/leeeezy/Workspace/GEEK-EGRET-FPV-SDK/Node/ORBBEC_CAMERA/ORBBEC_CAMERA_ROS_WS/src/orbbec_camera.cpp:32:14:[m[K [01;35m[Kwarning: [m[Kvariable ‘[01m[Kqos[m[K’ set but not used [[01;35m[K-Wunused-but-set-variable[m[K]
[2.028s]    32 |         auto [01;35m[Kqos[m[K = rclcpp::QoS(rclcpp::QoSInitialization::from_rmw(rmw_qos_profile_default));
[2.028s]       |              [01;35m[K^~~[m[K
[2.042s] [01m[K/home/leeeezy/Workspace/GEEK-EGRET-FPV-SDK/Node/ORBBEC_CAMERA/ORBBEC_CAMERA_ROS_WS/src/orbbec_camera.cpp:[m[K In member function ‘[01m[Kvoid OrbbecCamera::get_depth_image(std::shared_ptr<ob::FrameSet>)[m[K’:
[2.042s] [01m[K/home/leeeezy/Workspace/GEEK-EGRET-FPV-SDK/Node/ORBBEC_CAMERA/ORBBEC_CAMERA_ROS_WS/src/orbbec_camera.cpp:302:56:[m[K [01;35m[Kwarning: [m[Kunused parameter ‘[01m[Kframe_set[m[K’ [[01;35m[K-Wunused-parameter[m[K]
[2.042s]   302 | _depth_image([01;35m[Kstd::shared_ptr<ob::FrameSet> frame_set[m[K)
[2.042s]       |              [01;35m[K~~~~~~~~~~~~~~~~~~~~~~~~~~~~~~^~~~~~~~~[m[K
[2.042s] 
[2.048s] In file included from [01m[K/opt/ros/humble/include/rclcpp/rclcpp/logging.hpp:24[m[K,
[2.048s]                  from [01m[K/opt/ros/humble/include/rclcpp/rclcpp/client.hpp:40[m[K,
[2.048s]                  from [01m[K/opt/ros/humble/include/rclcpp/rclcpp/callback_group.hpp:24[m[K,
[2.048s]                  from [01m[K/opt/ros/humble/include/rclcpp/rclcpp/any_executable.hpp:20[m[K,
[2.048s]                  from [01m[K/opt/ros/humble/include/rclcpp/rclcpp/memory_strategy.hpp:25[m[K,
[2.049s]                  from [01m[K/opt/ros/humble/include/rclcpp/rclcpp/memory_strategies.hpp:18[m[K,
[2.049s]                  from [01m[K/opt/ros/humble/include/rclcpp/rclcpp/executor_options.hpp:20[m[K,
[2.049s]                  from [01m[K/opt/ros/humble/include/rclcpp/rclcpp/executor.hpp:37[m[K,
[2.049s]                  from [01m[K/opt/ros/humble/include/rclcpp/rclcpp/executors/multi_threaded_executor.hpp:25[m[K,
[2.049s]                  from [01m[K/opt/ros/humble/include/rclcpp/rclcpp/executors.hpp:21[m[K,
[2.049s]                  from [01m[K/opt/ros/humble/include/rclcpp/rclcpp/rclcpp.hpp:155[m[K,
[2.049s]                  from [01m[K/home/leeeezy/Workspace/GEEK-EGRET-FPV-SDK/Node/ORBBEC_CAMERA/ORBBEC_CAMERA_ROS_WS/src/orbbec_camera.cpp:7[m[K:
[2.049s] [01m[K/home/leeeezy/Workspace/GEEK-EGRET-FPV-SDK/Node/ORBBEC_CAMERA/ORBBEC_CAMERA_ROS_WS/src/orbbec_camera.cpp:[m[K In member function ‘[01m[Kvoid OrbbecCamera::get_cloud_point(std::shared_ptr<ob::FrameSet>)[m[K’:
[2.049s] [01m[K/home/leeeezy/Workspace/GEEK-EGRET-FPV-SDK/Node/ORBBEC_CAMERA/ORBBEC_CAMERA_ROS_WS/src/orbbec_camera.cpp:446:46:[m[K [01;35m[Kwarning: [m[Kformat ‘[01m[K%d[m[K’ expects argument of type ‘[01m[Kint[m[K’, but argument 5 has type ‘[01m[Kstd::vector<OBPoint>::size_type[m[K’ {aka ‘[01m[Klong unsigned int[m[K’} [[01;35m[K-Wformat=[m[K]
[2.049s]   446 |          RCLCPP_DEBUG(this->get_logger(), [01;35m[K"发布点云，点数: %d"[m[K, [32m[KvalidPoints.size()[m[K);
[2.049s]       |                                           [01;35m[K^~~~~~~~~~~~~~~~~~~~[m[K  [32m[K~~~~~~~~~~~~~~~~~~[m[K
[2.049s]       |                                                                                 [32m[K|[m[K
[2.049s]       |                                                                                 [32m[Kstd::vector<OBPoint>::size_type {aka long unsigned int}[m[K
[2.049s] 
[2.049s] [01m[K/home/leeeezy/Workspace/GEEK-EGRET-FPV-SDK/Node/ORBBEC_CAMERA/ORBBEC_CAMERA_ROS_WS/src/orbbec_camera.cpp:446:64:[m[K [01;36m[Knote: [m[Kformat string is defined here
[2.049s]   446 | BUG(this->get_logger(), "发布点云，点数: [01;36m[K%d[m[K", validPoints.size());
[2.049s]       |                                          [01;36m[K~^[m[K
[2.049s]       |                                           [01;36m[K|[m[K
[2.049s]       |                                           [01;36m[Kint[m[K
[2.049s]       |                                          [32m[K%ld[m[K
[4.581s] [100%] [32m[1mLinking CXX executable orbbec_camera[0m
[4.737s] /usr/bin/ld: warning: libopencv_core.so.4.5d, needed by /opt/ros/humble/lib/libcv_bridge.so, may conflict with libopencv_core.so.405
[5.070s] [100%] Built target orbbec_camera
[5.078s] Invoked command in '/home/leeeezy/Workspace/GEEK-EGRET-FPV-SDK/Node/ORBBEC_CAMERA/build/orbbec_camera' returned '0': CMAKE_PREFIX_PATH=${CMAKE_PREFIX_PATH}:/opt/ros/humble /usr/bin/cmake --build /home/leeeezy/Workspace/GEEK-EGRET-FPV-SDK/Node/ORBBEC_CAMERA/build/orbbec_camera -- -j20 -l20
[5.088s] Invoking command in '/home/leeeezy/Workspace/GEEK-EGRET-FPV-SDK/Node/ORBBEC_CAMERA/build/orbbec_camera': CMAKE_PREFIX_PATH=${CMAKE_PREFIX_PATH}:/opt/ros/humble /usr/bin/cmake --install /home/leeeezy/Workspace/GEEK-EGRET-FPV-SDK/Node/ORBBEC_CAMERA/build/orbbec_camera
[5.098s] -- Install configuration: ""
[5.099s] -- Up-to-date: /home/leeeezy/Workspace/GEEK-EGRET-FPV-SDK/Node/ORBBEC_CAMERA/install/orbbec_camera/share/ament_index/resource_index/package_run_dependencies/orbbec_camera
[5.099s] -- Up-to-date: /home/leeeezy/Workspace/GEEK-EGRET-FPV-SDK/Node/ORBBEC_CAMERA/install/orbbec_camera/share/ament_index/resource_index/parent_prefix_path/orbbec_camera
[5.099s] -- Up-to-date: /home/leeeezy/Workspace/GEEK-EGRET-FPV-SDK/Node/ORBBEC_CAMERA/install/orbbec_camera/share/orbbec_camera/environment/ament_prefix_path.sh
[5.099s] -- Up-to-date: /home/leeeezy/Workspace/GEEK-EGRET-FPV-SDK/Node/ORBBEC_CAMERA/install/orbbec_camera/share/orbbec_camera/environment/ament_prefix_path.dsv
[5.099s] -- Up-to-date: /home/leeeezy/Workspace/GEEK-EGRET-FPV-SDK/Node/ORBBEC_CAMERA/install/orbbec_camera/share/orbbec_camera/environment/path.sh
[5.099s] -- Up-to-date: /home/leeeezy/Workspace/GEEK-EGRET-FPV-SDK/Node/ORBBEC_CAMERA/install/orbbec_camera/share/orbbec_camera/environment/path.dsv
[5.099s] -- Up-to-date: /home/leeeezy/Workspace/GEEK-EGRET-FPV-SDK/Node/ORBBEC_CAMERA/install/orbbec_camera/share/orbbec_camera/local_setup.bash
[5.099s] -- Up-to-date: /home/leeeezy/Workspace/GEEK-EGRET-FPV-SDK/Node/ORBBEC_CAMERA/install/orbbec_camera/share/orbbec_camera/local_setup.sh
[5.099s] -- Up-to-date: /home/leeeezy/Workspace/GEEK-EGRET-FPV-SDK/Node/ORBBEC_CAMERA/install/orbbec_camera/share/orbbec_camera/local_setup.zsh
[5.100s] -- Up-to-date: /home/leeeezy/Workspace/GEEK-EGRET-FPV-SDK/Node/ORBBEC_CAMERA/install/orbbec_camera/share/orbbec_camera/local_setup.dsv
[5.100s] -- Installing: /home/leeeezy/Workspace/GEEK-EGRET-FPV-SDK/Node/ORBBEC_CAMERA/install/orbbec_camera/share/orbbec_camera/package.dsv
[5.100s] -- Up-to-date: /home/leeeezy/Workspace/GEEK-EGRET-FPV-SDK/Node/ORBBEC_CAMERA/install/orbbec_camera/share/ament_index/resource_index/packages/orbbec_camera
[5.100s] -- Up-to-date: /home/leeeezy/Workspace/GEEK-EGRET-FPV-SDK/Node/ORBBEC_CAMERA/install/orbbec_camera/share/orbbec_camera/cmake/orbbec_cameraConfig.cmake
[5.100s] -- Up-to-date: /home/leeeezy/Workspace/GEEK-EGRET-FPV-SDK/Node/ORBBEC_CAMERA/install/orbbec_camera/share/orbbec_camera/cmake/orbbec_cameraConfig-version.cmake
[5.100s] -- Up-to-date: /home/leeeezy/Workspace/GEEK-EGRET-FPV-SDK/Node/ORBBEC_CAMERA/install/orbbec_camera/share/orbbec_camera/package.xml
[5.100s] -- Installing: /home/leeeezy/Workspace/GEEK-EGRET-FPV-SDK/Node/ORBBEC_CAMERA/install/orbbec_camera/lib/orbbec_camera/orbbec_camera
[5.103s] Invoked command in '/home/leeeezy/Workspace/GEEK-EGRET-FPV-SDK/Node/ORBBEC_CAMERA/build/orbbec_camera' returned '0': CMAKE_PREFIX_PATH=${CMAKE_PREFIX_PATH}:/opt/ros/humble /usr/bin/cmake --install /home/leeeezy/Workspace/GEEK-EGRET-FPV-SDK/Node/ORBBEC_CAMERA/build/orbbec_camera
