-- Found ament_cmake: 1.3.12 (/opt/ros/humble/share/ament_cmake/cmake)
-- Found Python3: /usr/bin/python3 (found version "3.10.12") found components: Interpreter 
-- Found rclcpp: 16.0.17 (/opt/ros/humble/share/rclcpp/cmake)
-- Found rosidl_generator_c: 3.1.8 (/opt/ros/humble/share/rosidl_generator_c/cmake)
-- Found rosidl_adapter: 3.1.8 (/opt/ros/humble/share/rosidl_adapter/cmake)
-- Found rosidl_generator_cpp: 3.1.8 (/opt/ros/humble/share/rosidl_generator_cpp/cmake)
-- Using all available rosidl_typesupport_c: rosidl_typesupport_fastrtps_c;rosidl_typesupport_introspection_c
-- Using all available rosidl_typesupport_cpp: rosidl_typesupport_fastrtps_cpp;rosidl_typesupport_introspection_cpp
-- Found rmw_implementation_cmake: 6.1.2 (/opt/ros/humble/share/rmw_implementation_cmake/cmake)
-- Found rmw_cyclonedds_cpp: 1.3.4 (/opt/ros/humble/share/rmw_cyclonedds_cpp/cmake)
-- Using RMW implementation 'rmw_cyclonedds_cpp' as default
-- Looking for pthread.h
-- Looking for pthread.h - found
-- Performing Test CMAKE_HAVE_LIBC_PTHREAD
-- Performing Test CMAKE_HAVE_LIBC_PTHREAD - Success
-- Found Threads: TRUE  
-- Found geometry_msgs: 4.9.0 (/opt/ros/humble/share/geometry_msgs/cmake)
-- Found sensor_msgs: 4.9.0 (/opt/ros/humble/share/sensor_msgs/cmake)
-- Found message_filters: 4.3.11 (/opt/ros/humble/share/message_filters/cmake)
-- Found tf2_ros: 0.25.18 (/opt/ros/humble/share/tf2_ros/cmake)
-- Found tf2_geometry_msgs: 0.25.18 (/opt/ros/humble/share/tf2_geometry_msgs/cmake)
-- Found eigen3_cmake_module: 0.1.1 (/opt/ros/humble/share/eigen3_cmake_module/cmake)
-- Found Eigen3: TRUE (found version "3.3.7") 
-- Ensuring Eigen3 include directory is part of orocos-kdl CMake target
-- Found nav_msgs: 4.9.0 (/opt/ros/humble/share/nav_msgs/cmake)
-- Found visualization_msgs: 4.9.0 (/opt/ros/humble/share/visualization_msgs/cmake)
-- Found OpenCV: /usr/local/opencv-4.5.5 (found version "4.5.5") 
-- Found Eigen3: TRUE (found suitable version "3.3.7", minimum required is "3.1.0") 
-- Found ament_lint_auto: 0.12.14 (/opt/ros/humble/share/ament_lint_auto/cmake)
-- Added test 'cppcheck' to perform static code analysis on C / C++ code
-- Configured cppcheck include dirs: /home/leeeezy/Workspace/FPV_NEW/FPV/Node/ORB_Slam3/Workspace/../../../Thirdparty/ORB_SLAM3;/home/leeeezy/Workspace/FPV_NEW/FPV/Node/ORB_Slam3/Workspace/../../../Thirdparty/ORB_SLAM3/include;/home/leeeezy/Workspace/FPV_NEW/FPV/Node/ORB_Slam3/Workspace/../../../Thirdparty/ORB_SLAM3/include/CameraModels;/home/leeeezy/Workspace/FPV_NEW/FPV/Node/ORB_Slam3/Workspace/../../../Thirdparty/ORB_SLAM3/Thirdparty;/home/leeeezy/Workspace/FPV_NEW/FPV/Node/ORB_Slam3/Workspace/../../../Thirdparty/ORB_SLAM3/Thirdparty/Sophus;/home/leeeezy/Workspace/FPV_NEW/FPV/Node/ORB_Slam3/Workspace/../../../Thirdparty/ORB_SLAM3/Thirdparty/DBOW2;/home/leeeezy/Workspace/FPV_NEW/FPV/Node/ORB_Slam3/Workspace/../../../Thirdparty/ORB_SLAM3/Thirdparty/g2o;/home/leeeezy/Workspace/FPV_NEW/FPV/Node/ORB_Slam3/Workspace/include
-- Configured cppcheck exclude dirs and/or files: 
-- Added test 'lint_cmake' to check CMake code style
-- Added test 'uncrustify' to check C / C++ code style
-- Configured uncrustify additional arguments: 
-- Added test 'xmllint' to check XML markup files
-- Configuring done
-- Generating done
-- Build files have been written to: /home/leeeezy/Workspace/FPV_NEW/FPV/Node/ORB_Slam3/build/orb_slam3
[ 50%] [32mBuilding CXX object CMakeFiles/orb_slam3.dir/src/orb_slam3.cpp.o[0m
In file included from [01m[K/home/leeeezy/Workspace/FPV_NEW/FPV/Node/ORB_Slam3/Workspace/src/orb_slam3.cpp:30[m[K:
[01m[K/home/leeeezy/Workspace/FPV_NEW/FPV/Node/ORB_Slam3/Workspace/include/orb_slam3.h:4:10:[m[K [01;31m[Kfatal error: [m[KConfig.h: No such file or directory
    4 | #include [01;31m[K"Config.h"[m[K
      |          [01;31m[K^~~~~~~~~~[m[K
compilation terminated.
gmake[2]: *** [CMakeFiles/orb_slam3.dir/build.make:76: CMakeFiles/orb_slam3.dir/src/orb_slam3.cpp.o] Error 1
gmake[1]: *** [CMakeFiles/Makefile2:137: CMakeFiles/orb_slam3.dir/all] Error 2
gmake: *** [Makefile:146: all] Error 2
