[0.130s] Invoking command in '/home/leeeezy/Workspace/GEEK-EGRET-FPV-SDK/Node/ORBBEC_CAMERA/build/orbbec_camera': CMAKE_PREFIX_PATH=${CMAKE_PREFIX_PATH}:/opt/ros/humble /usr/bin/cmake --build /home/leeeezy/Workspace/GEEK-EGRET-FPV-SDK/Node/ORBBEC_CAMERA/build/orbbec_camera -- -j20 -l20
[0.179s] [35m[1mConsolidate compiler generated dependencies of target orbbec_camera[0m
[0.199s] [ 50%] [32mBuilding CXX object CMakeFiles/orbbec_camera.dir/src/orbbec_camera.cpp.o[0m
[2.190s] [01m[K/home/leeeezy/Workspace/GEEK-EGRET-FPV-SDK/Node/ORBBEC_CAMERA/ORBBEC_CAMERA_ROS_WS/src/orbbec_camera.cpp:[m[K In constructor ‘[01m[KOrbbecCamera::OrbbecCamera()[m[K’:
[2.190s] [01m[K/home/leeeezy/Workspace/GEEK-EGRET-FPV-SDK/Node/ORBBEC_CAMERA/ORBBEC_CAMERA_ROS_WS/src/orbbec_camera.cpp:32:14:[m[K [01;35m[Kwarning: [m[Kvariable ‘[01m[Kqos[m[K’ set but not used [[01;35m[K-Wunused-but-set-variable[m[K]
[2.190s]    32 |         auto [01;35m[Kqos[m[K = rclcpp::QoS(rclcpp::QoSInitialization::from_rmw(rmw_qos_profile_default));
[2.191s]       |              [01;35m[K^~~[m[K
[2.202s] [01m[K/home/leeeezy/Workspace/GEEK-EGRET-FPV-SDK/Node/ORBBEC_CAMERA/ORBBEC_CAMERA_ROS_WS/src/orbbec_camera.cpp:[m[K In member function ‘[01m[Kvoid OrbbecCamera::get_rgb_image(std::shared_ptr<ob::FrameSet>)[m[K’:
[2.202s] [01m[K/home/leeeezy/Workspace/GEEK-EGRET-FPV-SDK/Node/ORBBEC_CAMERA/ORBBEC_CAMERA_ROS_WS/src/orbbec_camera.cpp:239:80:[m[K [01;31m[Kerror: [m[Kno matching function for call to ‘[01m[Kcv_bridge::CvImage::CvImage(std::string&, const char [5], cv::Mat)[m[K’
[2.202s]   239 | ge cv_image(camera_name_, "bgr8", rgb_image.clone()[01;31m[K)[m[K;
[2.202s]       |                                                    [01;31m[K^[m[K
[2.202s] 
[2.202s] In file included from [01m[K/home/leeeezy/Workspace/GEEK-EGRET-FPV-SDK/Node/ORBBEC_CAMERA/ORBBEC_CAMERA_ROS_WS/src/orbbec_camera.cpp:17[m[K:
[2.202s] [01m[K/opt/ros/humble/include/cv_bridge/cv_bridge/cv_bridge.h:100:3:[m[K [01;36m[Knote: [m[Kcandidate: ‘[01m[Kcv_bridge::CvImage::CvImage(const Header&, const string&, const cv::Mat&)[m[K’
[2.202s]   100 |   [01;36m[KCvImage[m[K(
[2.202s]       |   [01;36m[K^~~~~~~[m[K
[2.202s] [01m[K/opt/ros/humble/include/cv_bridge/cv_bridge/cv_bridge.h:101:35:[m[K [01;36m[Knote: [m[K  no known conversion for argument 1 from ‘[01m[Kstd::string[m[K’ {aka ‘[01m[Kstd::__cxx11::basic_string<char>[m[K’} to ‘[01m[Kconst Header&[m[K’ {aka ‘[01m[Kconst std_msgs::msg::Header_<std::allocator<void> >&[m[K’}
[2.202s]   101 |     [01;36m[Kconst std_msgs::msg::Header & header[m[K, const std::string & encoding,
[2.202s]       |     [01;36m[K~~~~~~~~~~~~~~~~~~~~~~~~~~~~~~^~~~~~[m[K
[2.202s] [01m[K/opt/ros/humble/include/cv_bridge/cv_bridge/cv_bridge.h:95:3:[m[K [01;36m[Knote: [m[Kcandidate: ‘[01m[Kcv_bridge::CvImage::CvImage()[m[K’
[2.203s]    95 |   [01;36m[KCvImage[m[K() {}
[2.203s]       |   [01;36m[K^~~~~~~[m[K
[2.203s] [01m[K/opt/ros/humble/include/cv_bridge/cv_bridge/cv_bridge.h:95:3:[m[K [01;36m[Knote: [m[K  candidate expects 0 arguments, 3 provided
[2.203s] [01m[K/opt/ros/humble/include/cv_bridge/cv_bridge/cv_bridge.h:85:24:[m[K [01;36m[Knote: [m[Kcandidate: ‘[01m[Kcv_bridge::CvImage::CvImage(const cv_bridge::CvImage&)[m[K’
[2.203s]    85 | class CV_BRIDGE_EXPORT [01;36m[KCvImage[m[K
[2.203s]       |                        [01;36m[K^~~~~~~[m[K
[2.203s] [01m[K/opt/ros/humble/include/cv_bridge/cv_bridge/cv_bridge.h:85:24:[m[K [01;36m[Knote: [m[K  candidate expects 1 argument, 3 provided
[2.203s] [01m[K/opt/ros/humble/include/cv_bridge/cv_bridge/cv_bridge.h:85:24:[m[K [01;36m[Knote: [m[Kcandidate: ‘[01m[Kcv_bridge::CvImage::CvImage(cv_bridge::CvImage&&)[m[K’
[2.203s] [01m[K/opt/ros/humble/include/cv_bridge/cv_bridge/cv_bridge.h:85:24:[m[K [01;36m[Knote: [m[K  candidate expects 1 argument, 3 provided
[2.204s] [01m[K/home/leeeezy/Workspace/GEEK-EGRET-FPV-SDK/Node/ORBBEC_CAMERA/ORBBEC_CAMERA_ROS_WS/src/orbbec_camera.cpp:[m[K In member function ‘[01m[Kvoid OrbbecCamera::get_depth_image(std::shared_ptr<ob::FrameSet>)[m[K’:
[2.204s] [01m[K/home/leeeezy/Workspace/GEEK-EGRET-FPV-SDK/Node/ORBBEC_CAMERA/ORBBEC_CAMERA_ROS_WS/src/orbbec_camera.cpp:310:56:[m[K [01;35m[Kwarning: [m[Kunused parameter ‘[01m[Kframe_set[m[K’ [[01;35m[K-Wunused-parameter[m[K]
[2.204s]   310 | _depth_image([01;35m[Kstd::shared_ptr<ob::FrameSet> frame_set[m[K)
[2.204s]       |              [01;35m[K~~~~~~~~~~~~~~~~~~~~~~~~~~~~~~^~~~~~~~~[m[K
[2.204s] 
[2.210s] In file included from [01m[K/opt/ros/humble/include/rclcpp/rclcpp/logging.hpp:24[m[K,
[2.211s]                  from [01m[K/opt/ros/humble/include/rclcpp/rclcpp/client.hpp:40[m[K,
[2.211s]                  from [01m[K/opt/ros/humble/include/rclcpp/rclcpp/callback_group.hpp:24[m[K,
[2.211s]                  from [01m[K/opt/ros/humble/include/rclcpp/rclcpp/any_executable.hpp:20[m[K,
[2.211s]                  from [01m[K/opt/ros/humble/include/rclcpp/rclcpp/memory_strategy.hpp:25[m[K,
[2.211s]                  from [01m[K/opt/ros/humble/include/rclcpp/rclcpp/memory_strategies.hpp:18[m[K,
[2.211s]                  from [01m[K/opt/ros/humble/include/rclcpp/rclcpp/executor_options.hpp:20[m[K,
[2.211s]                  from [01m[K/opt/ros/humble/include/rclcpp/rclcpp/executor.hpp:37[m[K,
[2.211s]                  from [01m[K/opt/ros/humble/include/rclcpp/rclcpp/executors/multi_threaded_executor.hpp:25[m[K,
[2.211s]                  from [01m[K/opt/ros/humble/include/rclcpp/rclcpp/executors.hpp:21[m[K,
[2.211s]                  from [01m[K/opt/ros/humble/include/rclcpp/rclcpp/rclcpp.hpp:155[m[K,
[2.211s]                  from [01m[K/home/leeeezy/Workspace/GEEK-EGRET-FPV-SDK/Node/ORBBEC_CAMERA/ORBBEC_CAMERA_ROS_WS/src/orbbec_camera.cpp:7[m[K:
[2.211s] [01m[K/home/leeeezy/Workspace/GEEK-EGRET-FPV-SDK/Node/ORBBEC_CAMERA/ORBBEC_CAMERA_ROS_WS/src/orbbec_camera.cpp:[m[K In member function ‘[01m[Kvoid OrbbecCamera::get_cloud_point(std::shared_ptr<ob::FrameSet>)[m[K’:
[2.211s] [01m[K/home/leeeezy/Workspace/GEEK-EGRET-FPV-SDK/Node/ORBBEC_CAMERA/ORBBEC_CAMERA_ROS_WS/src/orbbec_camera.cpp:454:46:[m[K [01;35m[Kwarning: [m[Kformat ‘[01m[K%d[m[K’ expects argument of type ‘[01m[Kint[m[K’, but argument 5 has type ‘[01m[Kstd::vector<OBPoint>::size_type[m[K’ {aka ‘[01m[Klong unsigned int[m[K’} [[01;35m[K-Wformat=[m[K]
[2.211s]   454 |          RCLCPP_DEBUG(this->get_logger(), [01;35m[K"发布点云，点数: %d"[m[K, [32m[KvalidPoints.size()[m[K);
[2.211s]       |                                           [01;35m[K^~~~~~~~~~~~~~~~~~~~[m[K  [32m[K~~~~~~~~~~~~~~~~~~[m[K
[2.211s]       |                                                                                 [32m[K|[m[K
[2.211s]       |                                                                                 [32m[Kstd::vector<OBPoint>::size_type {aka long unsigned int}[m[K
[2.211s] 
[2.211s] [01m[K/home/leeeezy/Workspace/GEEK-EGRET-FPV-SDK/Node/ORBBEC_CAMERA/ORBBEC_CAMERA_ROS_WS/src/orbbec_camera.cpp:454:64:[m[K [01;36m[Knote: [m[Kformat string is defined here
[2.211s]   454 | BUG(this->get_logger(), "发布点云，点数: [01;36m[K%d[m[K", validPoints.size());
[2.211s]       |                                          [01;36m[K~^[m[K
[2.211s]       |                                           [01;36m[K|[m[K
[2.211s]       |                                           [01;36m[Kint[m[K
[2.211s]       |                                          [32m[K%ld[m[K
[3.475s] gmake[2]: *** [CMakeFiles/orbbec_camera.dir/build.make:76: CMakeFiles/orbbec_camera.dir/src/orbbec_camera.cpp.o] Error 1
[3.475s] gmake[1]: *** [CMakeFiles/Makefile2:137: CMakeFiles/orbbec_camera.dir/all] Error 2
[3.476s] gmake: *** [Makefile:146: all] Error 2
[3.486s] Invoked command in '/home/leeeezy/Workspace/GEEK-EGRET-FPV-SDK/Node/ORBBEC_CAMERA/build/orbbec_camera' returned '2': CMAKE_PREFIX_PATH=${CMAKE_PREFIX_PATH}:/opt/ros/humble /usr/bin/cmake --build /home/leeeezy/Workspace/GEEK-EGRET-FPV-SDK/Node/ORBBEC_CAMERA/build/orbbec_camera -- -j20 -l20
