[0.007s] Invoking command in '/home/leeeezy/Workspace/GEEK-EGRET-FPV-SDK/Node/OrbbecCamera/build/orbbec_camera': CMAKE_PREFIX_PATH=/opt/ros/humble /usr/bin/cmake --build /home/leeeezy/Workspace/GEEK-EGRET-FPV-SDK/Node/OrbbecCamera/build/orbbec_camera -- -j20 -l20
[0.033s] -- Found ament_cmake: 1.3.12 (/opt/ros/humble/share/ament_cmake/cmake)
[0.129s] -- Found rclcpp: 16.0.17 (/opt/ros/humble/share/rclcpp/cmake)
[0.146s] -- Found rosidl_generator_c: 3.1.8 (/opt/ros/humble/share/rosidl_generator_c/cmake)
[0.148s] -- Found rosidl_adapter: 3.1.8 (/opt/ros/humble/share/rosidl_adapter/cmake)
[0.152s] -- Found rosidl_generator_cpp: 3.1.8 (/opt/ros/humble/share/rosidl_generator_cpp/cmake)
[0.158s] -- Using all available rosidl_typesupport_c: rosidl_typesupport_fastrtps_c;rosidl_typesupport_introspection_c
[0.166s] -- Using all available rosidl_typesupport_cpp: rosidl_typesupport_fastrtps_cpp;rosidl_typesupport_introspection_cpp
[0.187s] -- Found rmw_implementation_cmake: 6.1.2 (/opt/ros/humble/share/rmw_implementation_cmake/cmake)
[0.188s] -- Found rmw_fastrtps_cpp: 6.2.9 (/opt/ros/humble/share/rmw_fastrtps_cpp/cmake)
[0.250s] -- Using RMW implementation 'rmw_fastrtps_cpp' as default
[0.286s] -- Found geometry_msgs: 4.9.0 (/opt/ros/humble/share/geometry_msgs/cmake)
[0.294s] -- Found sensor_msgs: 4.9.0 (/opt/ros/humble/share/sensor_msgs/cmake)
[0.310s] -- Found tf2_ros: 0.25.18 (/opt/ros/humble/share/tf2_ros/cmake)
[0.365s] -- Found ament_lint_auto: 0.12.14 (/opt/ros/humble/share/ament_lint_auto/cmake)
[0.568s] -- Added test 'cppcheck' to perform static code analysis on C / C++ code
[0.568s] -- Configured cppcheck include dirs: /home/leeeezy/Workspace/GEEK-EGRET-FPV-SDK/Node/OrbbecCamera/Workspace/../../../Thirdparty/OrbbecSDK/include;/home/leeeezy/Workspace/GEEK-EGRET-FPV-SDK/Node/OrbbecCamera/Workspace/../../../Thirdparty/OrbbecBridge
[0.568s] -- Configured cppcheck exclude dirs and/or files: 
[0.569s] -- Added test 'lint_cmake' to check CMake code style
[0.573s] -- Added test 'uncrustify' to check C / C++ code style
[0.573s] -- Configured uncrustify additional arguments: 
[0.573s] -- Added test 'xmllint' to check XML markup files
[0.575s] -- Configuring done
[0.586s] -- Generating done
[0.589s] -- Build files have been written to: /home/leeeezy/Workspace/GEEK-EGRET-FPV-SDK/Node/OrbbecCamera/build/orbbec_camera
[0.611s] [35m[1mConsolidate compiler generated dependencies of target orbbec_camera[0m
[0.636s] [ 50%] [32m[1mLinking CXX executable orbbec_camera[0m
[1.126s] [100%] Built target orbbec_camera
[1.138s] Invoked command in '/home/leeeezy/Workspace/GEEK-EGRET-FPV-SDK/Node/OrbbecCamera/build/orbbec_camera' returned '0': CMAKE_PREFIX_PATH=/opt/ros/humble /usr/bin/cmake --build /home/leeeezy/Workspace/GEEK-EGRET-FPV-SDK/Node/OrbbecCamera/build/orbbec_camera -- -j20 -l20
[1.147s] Invoking command in '/home/leeeezy/Workspace/GEEK-EGRET-FPV-SDK/Node/OrbbecCamera/build/orbbec_camera': CMAKE_PREFIX_PATH=/opt/ros/humble /usr/bin/cmake --install /home/leeeezy/Workspace/GEEK-EGRET-FPV-SDK/Node/OrbbecCamera/build/orbbec_camera
[1.152s] -- Install configuration: ""
[1.152s] -- Up-to-date: /home/leeeezy/Workspace/GEEK-EGRET-FPV-SDK/Node/OrbbecCamera/install/orbbec_camera/share/ament_index/resource_index/package_run_dependencies/orbbec_camera
[1.152s] -- Up-to-date: /home/leeeezy/Workspace/GEEK-EGRET-FPV-SDK/Node/OrbbecCamera/install/orbbec_camera/share/ament_index/resource_index/parent_prefix_path/orbbec_camera
[1.152s] -- Up-to-date: /home/leeeezy/Workspace/GEEK-EGRET-FPV-SDK/Node/OrbbecCamera/install/orbbec_camera/share/orbbec_camera/environment/ament_prefix_path.sh
[1.152s] -- Installing: /home/leeeezy/Workspace/GEEK-EGRET-FPV-SDK/Node/OrbbecCamera/install/orbbec_camera/share/orbbec_camera/environment/ament_prefix_path.dsv
[1.152s] -- Up-to-date: /home/leeeezy/Workspace/GEEK-EGRET-FPV-SDK/Node/OrbbecCamera/install/orbbec_camera/share/orbbec_camera/environment/path.sh
[1.153s] -- Installing: /home/leeeezy/Workspace/GEEK-EGRET-FPV-SDK/Node/OrbbecCamera/install/orbbec_camera/share/orbbec_camera/environment/path.dsv
[1.153s] -- Up-to-date: /home/leeeezy/Workspace/GEEK-EGRET-FPV-SDK/Node/OrbbecCamera/install/orbbec_camera/share/orbbec_camera/local_setup.bash
[1.153s] -- Up-to-date: /home/leeeezy/Workspace/GEEK-EGRET-FPV-SDK/Node/OrbbecCamera/install/orbbec_camera/share/orbbec_camera/local_setup.sh
[1.153s] -- Up-to-date: /home/leeeezy/Workspace/GEEK-EGRET-FPV-SDK/Node/OrbbecCamera/install/orbbec_camera/share/orbbec_camera/local_setup.zsh
[1.153s] -- Installing: /home/leeeezy/Workspace/GEEK-EGRET-FPV-SDK/Node/OrbbecCamera/install/orbbec_camera/share/orbbec_camera/local_setup.dsv
[1.153s] -- Installing: /home/leeeezy/Workspace/GEEK-EGRET-FPV-SDK/Node/OrbbecCamera/install/orbbec_camera/share/orbbec_camera/package.dsv
[1.153s] -- Up-to-date: /home/leeeezy/Workspace/GEEK-EGRET-FPV-SDK/Node/OrbbecCamera/install/orbbec_camera/share/ament_index/resource_index/packages/orbbec_camera
[1.153s] -- Up-to-date: /home/leeeezy/Workspace/GEEK-EGRET-FPV-SDK/Node/OrbbecCamera/install/orbbec_camera/share/orbbec_camera/cmake/orbbec_cameraConfig.cmake
[1.153s] -- Up-to-date: /home/leeeezy/Workspace/GEEK-EGRET-FPV-SDK/Node/OrbbecCamera/install/orbbec_camera/share/orbbec_camera/cmake/orbbec_cameraConfig-version.cmake
[1.153s] -- Up-to-date: /home/leeeezy/Workspace/GEEK-EGRET-FPV-SDK/Node/OrbbecCamera/install/orbbec_camera/share/orbbec_camera/package.xml
[1.153s] -- Installing: /home/leeeezy/Workspace/GEEK-EGRET-FPV-SDK/Node/OrbbecCamera/install/orbbec_camera/lib/orbbec_camera/orbbec_camera
[1.158s] Invoked command in '/home/leeeezy/Workspace/GEEK-EGRET-FPV-SDK/Node/OrbbecCamera/build/orbbec_camera' returned '0': CMAKE_PREFIX_PATH=/opt/ros/humble /usr/bin/cmake --install /home/leeeezy/Workspace/GEEK-EGRET-FPV-SDK/Node/OrbbecCamera/build/orbbec_camera
