[0.000000] (-) TimerEvent: {}
[0.000254] (orb_slam3) JobQueued: {'identifier': 'orb_slam3', 'dependencies': OrderedDict()}
[0.000954] (orb_slam3) JobStarted: {'identifier': 'orb_slam3'}
[0.009715] (orb_slam3) JobProgress: {'identifier': 'orb_slam3', 'progress': 'cmake'}
[0.010795] (orb_slam3) Command: {'cmd': ['/usr/bin/cmake', '/home/leeeezy/Workspace/FPV_NEW/FPV/Node/ORB_Slam3/Workspace', '-DCMAKE_INSTALL_PREFIX=/home/leeeezy/Workspace/FPV_NEW/FPV/Node/ORB_Slam3/install/orb_slam3'], 'cwd': '/home/leeeezy/Workspace/FPV_NEW/FPV/Node/ORB_Slam3/build/orb_slam3', 'env': OrderedDict([('HOSTNAME', 'leeeezy'), ('SHLVL', '1'), ('LD_LIBRARY_PATH', '/opt/ros/humble/opt/rviz_ogre_vendor/lib:/opt/ros/humble/lib/x86_64-linux-gnu:/opt/ros/humble/lib'), ('HOME', '/home/leeeezy'), ('OLDPWD', '/home/leeeezy/Workspace/FPV_NEW/FPV/Node'), ('ROS_PYTHON_VERSION', '3'), ('LC_CTYPE', 'C.UTF-8'), ('ROS_DISTRO', 'humble'), ('_', '/usr/bin/colcon'), ('ROS_VERSION', '2'), ('TERM', 'xterm'), ('ROS_LOCALHOST_ONLY', '0'), ('QT_X11_NO_MITSHM', '1'), ('PATH', '/opt/ros/humble/bin:/usr/local/sbin:/usr/local/bin:/usr/sbin:/usr/bin:/sbin:/bin'), ('DISPLAY', ':0'), ('RMW_IMPLEMENTATION', 'rmw_cyclonedds_cpp'), ('AMENT_PREFIX_PATH', '/opt/ros/humble'), ('PWD', '/home/leeeezy/Workspace/FPV_NEW/FPV/Node/ORB_Slam3/build/orb_slam3'), ('PYTHONPATH', '/opt/ros/humble/lib/python3.10/site-packages:/opt/ros/humble/local/lib/python3.10/dist-packages'), ('COLCON', '1'), ('CMAKE_PREFIX_PATH', '/opt/ros/humble')]), 'shell': False}
[0.033963] (orb_slam3) StdoutLine: {'line': b'-- Found ament_cmake: 1.3.12 (/opt/ros/humble/share/ament_cmake/cmake)\n'}
[0.099642] (-) TimerEvent: {}
[0.187615] (orb_slam3) StdoutLine: {'line': b'-- Found Python3: /usr/bin/python3 (found version "3.10.12") found components: Interpreter \n'}
[0.199778] (-) TimerEvent: {}
[0.294693] (orb_slam3) StdoutLine: {'line': b'-- Found rclcpp: 16.0.17 (/opt/ros/humble/share/rclcpp/cmake)\n'}
[0.299886] (-) TimerEvent: {}
[0.351653] (orb_slam3) StdoutLine: {'line': b'-- Found rosidl_generator_c: 3.1.8 (/opt/ros/humble/share/rosidl_generator_c/cmake)\n'}
[0.357892] (orb_slam3) StdoutLine: {'line': b'-- Found rosidl_adapter: 3.1.8 (/opt/ros/humble/share/rosidl_adapter/cmake)\n'}
[0.369147] (orb_slam3) StdoutLine: {'line': b'-- Found rosidl_generator_cpp: 3.1.8 (/opt/ros/humble/share/rosidl_generator_cpp/cmake)\n'}
[0.386000] (orb_slam3) StdoutLine: {'line': b'-- Using all available rosidl_typesupport_c: rosidl_typesupport_fastrtps_c;rosidl_typesupport_introspection_c\n'}
[0.399965] (-) TimerEvent: {}
[0.406278] (orb_slam3) StdoutLine: {'line': b'-- Using all available rosidl_typesupport_cpp: rosidl_typesupport_fastrtps_cpp;rosidl_typesupport_introspection_cpp\n'}
[0.464566] (orb_slam3) StdoutLine: {'line': b'-- Found rmw_implementation_cmake: 6.1.2 (/opt/ros/humble/share/rmw_implementation_cmake/cmake)\n'}
[0.468223] (orb_slam3) StdoutLine: {'line': b'-- Found rmw_cyclonedds_cpp: 1.3.4 (/opt/ros/humble/share/rmw_cyclonedds_cpp/cmake)\n'}
[0.497522] (orb_slam3) StdoutLine: {'line': b"-- Using RMW implementation 'rmw_cyclonedds_cpp' as default\n"}
[0.500062] (-) TimerEvent: {}
[0.509646] (orb_slam3) StdoutLine: {'line': b'-- Looking for pthread.h\n'}
[0.595611] (orb_slam3) StdoutLine: {'line': b'-- Looking for pthread.h - found\n'}
[0.595951] (orb_slam3) StdoutLine: {'line': b'-- Performing Test CMAKE_HAVE_LIBC_PTHREAD\n'}
[0.600155] (-) TimerEvent: {}
[0.679164] (orb_slam3) StdoutLine: {'line': b'-- Performing Test CMAKE_HAVE_LIBC_PTHREAD - Success\n'}
[0.680366] (orb_slam3) StdoutLine: {'line': b'-- Found Threads: TRUE  \n'}
[0.700283] (-) TimerEvent: {}
[0.749739] (orb_slam3) StdoutLine: {'line': b'-- Found geometry_msgs: 4.9.0 (/opt/ros/humble/share/geometry_msgs/cmake)\n'}
[0.768216] (orb_slam3) StdoutLine: {'line': b'-- Found sensor_msgs: 4.9.0 (/opt/ros/humble/share/sensor_msgs/cmake)\n'}
[0.793673] (orb_slam3) StdoutLine: {'line': b'-- Found message_filters: 4.3.11 (/opt/ros/humble/share/message_filters/cmake)\n'}
[0.800230] (orb_slam3) StdoutLine: {'line': b'-- Found tf2_ros: 0.25.18 (/opt/ros/humble/share/tf2_ros/cmake)\n'}
[0.800388] (-) TimerEvent: {}
[0.900637] (-) TimerEvent: {}
[0.934938] (orb_slam3) StdoutLine: {'line': b'-- Found tf2_geometry_msgs: 0.25.18 (/opt/ros/humble/share/tf2_geometry_msgs/cmake)\n'}
[0.947248] (orb_slam3) StdoutLine: {'line': b'-- Found eigen3_cmake_module: 0.1.1 (/opt/ros/humble/share/eigen3_cmake_module/cmake)\n'}
[0.948903] (orb_slam3) StdoutLine: {'line': b'-- Found Eigen3: TRUE (found version "3.3.7") \n'}
[0.949121] (orb_slam3) StdoutLine: {'line': b'-- Ensuring Eigen3 include directory is part of orocos-kdl CMake target\n'}
[0.952499] (orb_slam3) StdoutLine: {'line': b'-- Found nav_msgs: 4.9.0 (/opt/ros/humble/share/nav_msgs/cmake)\n'}
[0.972632] (orb_slam3) StdoutLine: {'line': b'-- Found visualization_msgs: 4.9.0 (/opt/ros/humble/share/visualization_msgs/cmake)\n'}
[1.000811] (-) TimerEvent: {}
[1.006945] (orb_slam3) StdoutLine: {'line': b'-- Found OpenCV: /usr/local/opencv-4.5.5 (found version "4.5.5") \n'}
[1.008417] (orb_slam3) StdoutLine: {'line': b'-- Found Eigen3: TRUE (found suitable version "3.3.7", minimum required is "3.1.0") \n'}
[1.013657] (orb_slam3) StdoutLine: {'line': b'-- Found ament_lint_auto: 0.12.14 (/opt/ros/humble/share/ament_lint_auto/cmake)\n'}
[1.096826] (orb_slam3) StdoutLine: {'line': b"-- Added test 'cppcheck' to perform static code analysis on C / C++ code\n"}
[1.097591] (orb_slam3) StdoutLine: {'line': b'-- Configured cppcheck include dirs: /home/leeeezy/Workspace/FPV_NEW/FPV/Node/ORB_Slam3/Workspace/../../../Thirdparty/ORB_SLAM3;/home/leeeezy/Workspace/FPV_NEW/FPV/Node/ORB_Slam3/Workspace/../../../Thirdparty/ORB_SLAM3/include;/home/leeeezy/Workspace/FPV_NEW/FPV/Node/ORB_Slam3/Workspace/../../../Thirdparty/ORB_SLAM3/include/CameraModels;/home/leeeezy/Workspace/FPV_NEW/FPV/Node/ORB_Slam3/Workspace/../../../Thirdparty/ORB_SLAM3/Thirdparty;/home/leeeezy/Workspace/FPV_NEW/FPV/Node/ORB_Slam3/Workspace/../../../Thirdparty/ORB_SLAM3/Thirdparty/Sophus;/home/leeeezy/Workspace/FPV_NEW/FPV/Node/ORB_Slam3/Workspace/../../../Thirdparty/ORB_SLAM3/Thirdparty/DBOW2;/home/leeeezy/Workspace/FPV_NEW/FPV/Node/ORB_Slam3/Workspace/../../../Thirdparty/ORB_SLAM3/Thirdparty/g2o;/home/leeeezy/Workspace/FPV_NEW/FPV/Node/ORB_Slam3/Workspace/include\n'}
[1.097714] (orb_slam3) StdoutLine: {'line': b'-- Configured cppcheck exclude dirs and/or files: \n'}
[1.098808] (orb_slam3) StdoutLine: {'line': b"-- Added test 'lint_cmake' to check CMake code style\n"}
[1.100345] (orb_slam3) StdoutLine: {'line': b"-- Added test 'uncrustify' to check C / C++ code style\n"}
[1.100455] (orb_slam3) StdoutLine: {'line': b'-- Configured uncrustify additional arguments: \n'}
[1.100882] (-) TimerEvent: {}
[1.101171] (orb_slam3) StdoutLine: {'line': b"-- Added test 'xmllint' to check XML markup files\n"}
[1.106267] (orb_slam3) StdoutLine: {'line': b'-- Configuring done\n'}
[1.141465] (orb_slam3) StdoutLine: {'line': b'-- Generating done\n'}
[1.148025] (orb_slam3) StdoutLine: {'line': b'-- Build files have been written to: /home/leeeezy/Workspace/FPV_NEW/FPV/Node/ORB_Slam3/build/orb_slam3\n'}
[1.155587] (orb_slam3) CommandEnded: {'returncode': 0}
[1.156271] (orb_slam3) JobProgress: {'identifier': 'orb_slam3', 'progress': 'build'}
[1.157455] (orb_slam3) Command: {'cmd': ['/usr/bin/cmake', '--build', '/home/leeeezy/Workspace/FPV_NEW/FPV/Node/ORB_Slam3/build/orb_slam3', '--', '-j8', '-l8'], 'cwd': '/home/leeeezy/Workspace/FPV_NEW/FPV/Node/ORB_Slam3/build/orb_slam3', 'env': OrderedDict([('HOSTNAME', 'leeeezy'), ('SHLVL', '1'), ('LD_LIBRARY_PATH', '/opt/ros/humble/opt/rviz_ogre_vendor/lib:/opt/ros/humble/lib/x86_64-linux-gnu:/opt/ros/humble/lib'), ('HOME', '/home/leeeezy'), ('OLDPWD', '/home/leeeezy/Workspace/FPV_NEW/FPV/Node'), ('ROS_PYTHON_VERSION', '3'), ('LC_CTYPE', 'C.UTF-8'), ('ROS_DISTRO', 'humble'), ('_', '/usr/bin/colcon'), ('ROS_VERSION', '2'), ('TERM', 'xterm'), ('ROS_LOCALHOST_ONLY', '0'), ('QT_X11_NO_MITSHM', '1'), ('PATH', '/opt/ros/humble/bin:/usr/local/sbin:/usr/local/bin:/usr/sbin:/usr/bin:/sbin:/bin'), ('DISPLAY', ':0'), ('RMW_IMPLEMENTATION', 'rmw_cyclonedds_cpp'), ('AMENT_PREFIX_PATH', '/opt/ros/humble'), ('PWD', '/home/leeeezy/Workspace/FPV_NEW/FPV/Node/ORB_Slam3/build/orb_slam3'), ('PYTHONPATH', '/opt/ros/humble/lib/python3.10/site-packages:/opt/ros/humble/local/lib/python3.10/dist-packages'), ('COLCON', '1'), ('CMAKE_PREFIX_PATH', '/opt/ros/humble')]), 'shell': False}
[1.200986] (-) TimerEvent: {}
[1.207483] (orb_slam3) StdoutLine: {'line': b'[ 50%] \x1b[32mBuilding CXX object CMakeFiles/orb_slam3.dir/src/orb_slam3.cpp.o\x1b[0m\n'}
[1.301109] (-) TimerEvent: {}
[1.401454] (-) TimerEvent: {}
[1.501856] (-) TimerEvent: {}
[1.602183] (-) TimerEvent: {}
[1.702465] (-) TimerEvent: {}
[1.802817] (-) TimerEvent: {}
[1.903133] (-) TimerEvent: {}
[2.003435] (-) TimerEvent: {}
[2.103822] (-) TimerEvent: {}
[2.149006] (orb_slam3) StderrLine: {'line': b'In file included from \x1b[01m\x1b[K/home/leeeezy/Workspace/FPV_NEW/FPV/Node/ORB_Slam3/Workspace/src/orb_slam3.cpp:30\x1b[m\x1b[K:\n'}
[2.149314] (orb_slam3) StderrLine: {'line': b'\x1b[01m\x1b[K/home/leeeezy/Workspace/FPV_NEW/FPV/Node/ORB_Slam3/Workspace/include/orb_slam3.h:4:10:\x1b[m\x1b[K \x1b[01;31m\x1b[Kfatal error: \x1b[m\x1b[KConfig.h: No such file or directory\n'}
[2.149537] (orb_slam3) StderrLine: {'line': b'    4 | #include \x1b[01;31m\x1b[K"Config.h"\x1b[m\x1b[K\n'}
[2.149693] (orb_slam3) StderrLine: {'line': b'      |          \x1b[01;31m\x1b[K^~~~~~~~~~\x1b[m\x1b[K\n'}
[2.149874] (orb_slam3) StderrLine: {'line': b'compilation terminated.\n'}
[2.155080] (orb_slam3) StderrLine: {'line': b'gmake[2]: *** [CMakeFiles/orb_slam3.dir/build.make:76: CMakeFiles/orb_slam3.dir/src/orb_slam3.cpp.o] Error 1\n'}
[2.155353] (orb_slam3) StderrLine: {'line': b'gmake[1]: *** [CMakeFiles/Makefile2:137: CMakeFiles/orb_slam3.dir/all] Error 2\n'}
[2.155652] (orb_slam3) StderrLine: {'line': b'gmake: *** [Makefile:146: all] Error 2\n'}
[2.158583] (orb_slam3) CommandEnded: {'returncode': 2}
[2.166647] (orb_slam3) JobEnded: {'identifier': 'orb_slam3', 'rc': 2}
[2.177647] (-) EventReactorShutdown: {}
