[0.063s] DEBUG:colcon:Command line arguments: ['/usr/bin/colcon', 'build']
[0.063s] DEBUG:colcon:Parsed command line arguments: Namespace(log_base=None, log_level=None, verb_name='build', build_base='build', install_base='install', merge_install=False, symlink_install=False, test_result_base=None, continue_on_error=False, executor='parallel', parallel_workers=20, event_handlers=None, ignore_user_meta=False, metas=['./colcon.meta'], base_paths=['.'], packages_ignore=None, packages_ignore_regex=None, paths=None, packages_up_to=None, packages_up_to_regex=None, packages_above=None, packages_above_and_dependencies=None, packages_above_depth=None, packages_select_by_dep=None, packages_skip_by_dep=None, packages_skip_up_to=None, packages_select_build_failed=False, packages_skip_build_finished=False, packages_select_test_failures=False, packages_skip_test_passed=False, packages_select=None, packages_skip=None, packages_select_regex=None, packages_skip_regex=None, packages_start=None, packages_end=None, allow_overriding=[], cmake_args=None, cmake_target=None, cmake_target_skip_unavailable=False, cmake_clean_cache=False, cmake_clean_first=False, cmake_force_configure=False, ament_cmake_args=None, catkin_cmake_args=None, catkin_skip_building_tests=False, verb_parser=<colcon_defaults.argument_parser.defaults.DefaultArgumentsDecorator object at 0x7607bfec2860>, verb_extension=<colcon_core.verb.build.BuildVerb object at 0x7607bffb7c70>, main=<bound method BuildVerb.main of <colcon_core.verb.build.BuildVerb object at 0x7607bffb7c70>>)
[0.149s] Level 1:colcon.colcon_core.package_discovery:discover_packages(colcon_meta) check parameters
[0.150s] Level 1:colcon.colcon_core.package_discovery:discover_packages(recursive) check parameters
[0.150s] Level 1:colcon.colcon_core.package_discovery:discover_packages(ignore) check parameters
[0.150s] Level 1:colcon.colcon_core.package_discovery:discover_packages(path) check parameters
[0.150s] Level 1:colcon.colcon_core.package_discovery:discover_packages(colcon_meta) discover
[0.150s] Level 1:colcon.colcon_core.package_discovery:discover_packages(recursive) discover
[0.150s] INFO:colcon.colcon_core.package_discovery:Crawling recursively for packages in '/home/leeeezy/Workspace/GEEK-EGRET-FPV-SDK/Node/ORBBEC_CAMERA'
[0.150s] Level 1:colcon.colcon_core.package_identification:_identify(.) by extensions ['ignore', 'ignore_ament_install']
[0.150s] Level 1:colcon.colcon_core.package_identification:_identify(.) by extension 'ignore'
[0.150s] Level 1:colcon.colcon_core.package_identification:_identify(.) by extension 'ignore_ament_install'
[0.150s] Level 1:colcon.colcon_core.package_identification:_identify(.) by extensions ['colcon_pkg']
[0.150s] Level 1:colcon.colcon_core.package_identification:_identify(.) by extension 'colcon_pkg'
[0.150s] Level 1:colcon.colcon_core.package_identification:_identify(.) by extensions ['colcon_meta']
[0.150s] Level 1:colcon.colcon_core.package_identification:_identify(.) by extension 'colcon_meta'
[0.150s] Level 1:colcon.colcon_core.package_identification:_identify(.) by extensions ['ros']
[0.150s] Level 1:colcon.colcon_core.package_identification:_identify(.) by extension 'ros'
[0.158s] Level 1:colcon.colcon_core.package_identification:_identify(.) by extensions ['cmake', 'python']
[0.158s] Level 1:colcon.colcon_core.package_identification:_identify(.) by extension 'cmake'
[0.158s] Level 1:colcon.colcon_core.package_identification:_identify(.) by extension 'python'
[0.158s] Level 1:colcon.colcon_core.package_identification:_identify(.) by extensions ['python_setup_py']
[0.158s] Level 1:colcon.colcon_core.package_identification:_identify(.) by extension 'python_setup_py'
[0.158s] Level 1:colcon.colcon_core.package_identification:_identify(Log) by extensions ['ignore', 'ignore_ament_install']
[0.158s] Level 1:colcon.colcon_core.package_identification:_identify(Log) by extension 'ignore'
[0.158s] Level 1:colcon.colcon_core.package_identification:_identify(Log) by extension 'ignore_ament_install'
[0.158s] Level 1:colcon.colcon_core.package_identification:_identify(Log) by extensions ['colcon_pkg']
[0.158s] Level 1:colcon.colcon_core.package_identification:_identify(Log) by extension 'colcon_pkg'
[0.158s] Level 1:colcon.colcon_core.package_identification:_identify(Log) by extensions ['colcon_meta']
[0.158s] Level 1:colcon.colcon_core.package_identification:_identify(Log) by extension 'colcon_meta'
[0.158s] Level 1:colcon.colcon_core.package_identification:_identify(Log) by extensions ['ros']
[0.158s] Level 1:colcon.colcon_core.package_identification:_identify(Log) by extension 'ros'
[0.158s] Level 1:colcon.colcon_core.package_identification:_identify(Log) by extensions ['cmake', 'python']
[0.158s] Level 1:colcon.colcon_core.package_identification:_identify(Log) by extension 'cmake'
[0.158s] Level 1:colcon.colcon_core.package_identification:_identify(Log) by extension 'python'
[0.158s] Level 1:colcon.colcon_core.package_identification:_identify(Log) by extensions ['python_setup_py']
[0.158s] Level 1:colcon.colcon_core.package_identification:_identify(Log) by extension 'python_setup_py'
[0.158s] Level 1:colcon.colcon_core.package_identification:_identify(ORBBEC_CAMERA_ROS_WS) by extensions ['ignore', 'ignore_ament_install']
[0.158s] Level 1:colcon.colcon_core.package_identification:_identify(ORBBEC_CAMERA_ROS_WS) by extension 'ignore'
[0.158s] Level 1:colcon.colcon_core.package_identification:_identify(ORBBEC_CAMERA_ROS_WS) by extension 'ignore_ament_install'
[0.158s] Level 1:colcon.colcon_core.package_identification:_identify(ORBBEC_CAMERA_ROS_WS) by extensions ['colcon_pkg']
[0.158s] Level 1:colcon.colcon_core.package_identification:_identify(ORBBEC_CAMERA_ROS_WS) by extension 'colcon_pkg'
[0.158s] Level 1:colcon.colcon_core.package_identification:_identify(ORBBEC_CAMERA_ROS_WS) by extensions ['colcon_meta']
[0.158s] Level 1:colcon.colcon_core.package_identification:_identify(ORBBEC_CAMERA_ROS_WS) by extension 'colcon_meta'
[0.158s] Level 1:colcon.colcon_core.package_identification:_identify(ORBBEC_CAMERA_ROS_WS) by extensions ['ros']
[0.158s] Level 1:colcon.colcon_core.package_identification:_identify(ORBBEC_CAMERA_ROS_WS) by extension 'ros'
[0.161s] DEBUG:colcon.colcon_core.package_identification:Package 'ORBBEC_CAMERA_ROS_WS' with type 'ros.ament_cmake' and name 'orbbec_camera'
[0.161s] Level 1:colcon.colcon_core.package_identification:_identify(build) by extensions ['ignore', 'ignore_ament_install']
[0.161s] Level 1:colcon.colcon_core.package_identification:_identify(build) by extension 'ignore'
[0.161s] Level 1:colcon.colcon_core.package_identification:_identify(build) ignored
[0.161s] Level 1:colcon.colcon_core.package_identification:_identify(install) by extensions ['ignore', 'ignore_ament_install']
[0.161s] Level 1:colcon.colcon_core.package_identification:_identify(install) by extension 'ignore'
[0.161s] Level 1:colcon.colcon_core.package_identification:_identify(install) ignored
[0.161s] Level 1:colcon.colcon_core.package_identification:_identify(log) by extensions ['ignore', 'ignore_ament_install']
[0.161s] Level 1:colcon.colcon_core.package_identification:_identify(log) by extension 'ignore'
[0.161s] Level 1:colcon.colcon_core.package_identification:_identify(log) ignored
[0.161s] Level 1:colcon.colcon_core.package_discovery:discover_packages(recursive) using defaults
[0.161s] Level 1:colcon.colcon_core.package_discovery:discover_packages(ignore) discover
[0.161s] Level 1:colcon.colcon_core.package_discovery:discover_packages(ignore) using defaults
[0.161s] Level 1:colcon.colcon_core.package_discovery:discover_packages(path) discover
[0.161s] Level 1:colcon.colcon_core.package_discovery:discover_packages(path) using defaults
[0.174s] Level 1:colcon.colcon_core.package_discovery:discover_packages(prefix_path) check parameters
[0.174s] Level 1:colcon.colcon_core.package_discovery:discover_packages(prefix_path) discover
[0.174s] WARNING:colcon.colcon_ros.prefix_path.ament:The path '/home/leeeezy/Workspace/GEEK-EGRET-FPV-SDK/Node/ORBBEC_CAMERA/install/orbbec_camera' in the environment variable AMENT_PREFIX_PATH doesn't exist
[0.174s] WARNING:colcon.colcon_ros.prefix_path.catkin:The path '/home/leeeezy/Workspace/GEEK-EGRET-FPV-SDK/Node/ORBBEC_CAMERA/install/orbbec_camera' in the environment variable CMAKE_PREFIX_PATH doesn't exist
[0.175s] DEBUG:colcon.colcon_installed_package_information.package_discovery:Found 0 installed packages in /home/leeeezy/Workspace/GEEK-EGRET-FPV-SDK/Node/ORBBEC_CAMERA/install
[0.176s] DEBUG:colcon.colcon_installed_package_information.package_discovery:Found 297 installed packages in /opt/ros/humble
[0.177s] Level 1:colcon.colcon_core.package_discovery:discover_packages(prefix_path) using defaults
[0.208s] Level 5:colcon.colcon_core.verb:set package 'orbbec_camera' build argument 'cmake_args' from command line to 'None'
[0.208s] Level 5:colcon.colcon_core.verb:set package 'orbbec_camera' build argument 'cmake_target' from command line to 'None'
[0.208s] Level 5:colcon.colcon_core.verb:set package 'orbbec_camera' build argument 'cmake_target_skip_unavailable' from command line to 'False'
[0.208s] Level 5:colcon.colcon_core.verb:set package 'orbbec_camera' build argument 'cmake_clean_cache' from command line to 'False'
[0.208s] Level 5:colcon.colcon_core.verb:set package 'orbbec_camera' build argument 'cmake_clean_first' from command line to 'False'
[0.208s] Level 5:colcon.colcon_core.verb:set package 'orbbec_camera' build argument 'cmake_force_configure' from command line to 'False'
[0.208s] Level 5:colcon.colcon_core.verb:set package 'orbbec_camera' build argument 'ament_cmake_args' from command line to 'None'
[0.208s] Level 5:colcon.colcon_core.verb:set package 'orbbec_camera' build argument 'catkin_cmake_args' from command line to 'None'
[0.208s] Level 5:colcon.colcon_core.verb:set package 'orbbec_camera' build argument 'catkin_skip_building_tests' from command line to 'False'
[0.208s] DEBUG:colcon.colcon_core.verb:Building package 'orbbec_camera' with the following arguments: {'ament_cmake_args': None, 'build_base': '/home/leeeezy/Workspace/GEEK-EGRET-FPV-SDK/Node/ORBBEC_CAMERA/build/orbbec_camera', 'catkin_cmake_args': None, 'catkin_skip_building_tests': False, 'cmake_args': None, 'cmake_clean_cache': False, 'cmake_clean_first': False, 'cmake_force_configure': False, 'cmake_target': None, 'cmake_target_skip_unavailable': False, 'install_base': '/home/leeeezy/Workspace/GEEK-EGRET-FPV-SDK/Node/ORBBEC_CAMERA/install/orbbec_camera', 'merge_install': False, 'path': '/home/leeeezy/Workspace/GEEK-EGRET-FPV-SDK/Node/ORBBEC_CAMERA/ORBBEC_CAMERA_ROS_WS', 'symlink_install': False, 'test_result_base': None}
[0.208s] INFO:colcon.colcon_core.executor:Executing jobs using 'parallel' executor
[0.209s] DEBUG:colcon.colcon_parallel_executor.executor.parallel:run_until_complete
[0.209s] INFO:colcon.colcon_ros.task.ament_cmake.build:Building ROS package in '/home/leeeezy/Workspace/GEEK-EGRET-FPV-SDK/Node/ORBBEC_CAMERA/ORBBEC_CAMERA_ROS_WS' with build type 'ament_cmake'
[0.209s] INFO:colcon.colcon_cmake.task.cmake.build:Building CMake package in '/home/leeeezy/Workspace/GEEK-EGRET-FPV-SDK/Node/ORBBEC_CAMERA/ORBBEC_CAMERA_ROS_WS'
[0.211s] INFO:colcon.colcon_core.plugin_system:Skipping extension 'colcon_core.shell.bat': Not used on non-Windows systems
[0.211s] INFO:colcon.colcon_core.shell:Skip shell extension 'powershell' for command environment: Not usable outside of PowerShell
[0.211s] DEBUG:colcon.colcon_core.shell:Skip shell extension 'dsv' for command environment
[0.217s] DEBUG:colcon.colcon_core.event_handler.log_command:Invoking command in '/home/leeeezy/Workspace/GEEK-EGRET-FPV-SDK/Node/ORBBEC_CAMERA/build/orbbec_camera': CMAKE_PREFIX_PATH=${CMAKE_PREFIX_PATH}:/opt/ros/humble /usr/bin/cmake /home/leeeezy/Workspace/GEEK-EGRET-FPV-SDK/Node/ORBBEC_CAMERA/ORBBEC_CAMERA_ROS_WS -DCMAKE_INSTALL_PREFIX=/home/leeeezy/Workspace/GEEK-EGRET-FPV-SDK/Node/ORBBEC_CAMERA/install/orbbec_camera
[1.590s] DEBUG:colcon.colcon_core.event_handler.log_command:Invoked command in '/home/leeeezy/Workspace/GEEK-EGRET-FPV-SDK/Node/ORBBEC_CAMERA/build/orbbec_camera' returned '0': CMAKE_PREFIX_PATH=${CMAKE_PREFIX_PATH}:/opt/ros/humble /usr/bin/cmake /home/leeeezy/Workspace/GEEK-EGRET-FPV-SDK/Node/ORBBEC_CAMERA/ORBBEC_CAMERA_ROS_WS -DCMAKE_INSTALL_PREFIX=/home/leeeezy/Workspace/GEEK-EGRET-FPV-SDK/Node/ORBBEC_CAMERA/install/orbbec_camera
[1.592s] DEBUG:colcon.colcon_core.event_handler.log_command:Invoking command in '/home/leeeezy/Workspace/GEEK-EGRET-FPV-SDK/Node/ORBBEC_CAMERA/build/orbbec_camera': CMAKE_PREFIX_PATH=${CMAKE_PREFIX_PATH}:/opt/ros/humble /usr/bin/cmake --build /home/leeeezy/Workspace/GEEK-EGRET-FPV-SDK/Node/ORBBEC_CAMERA/build/orbbec_camera -- -j20 -l20
[6.714s] DEBUG:colcon.colcon_core.event_handler.log_command:Invoked command in '/home/leeeezy/Workspace/GEEK-EGRET-FPV-SDK/Node/ORBBEC_CAMERA/build/orbbec_camera' returned '0': CMAKE_PREFIX_PATH=${CMAKE_PREFIX_PATH}:/opt/ros/humble /usr/bin/cmake --build /home/leeeezy/Workspace/GEEK-EGRET-FPV-SDK/Node/ORBBEC_CAMERA/build/orbbec_camera -- -j20 -l20
[6.723s] DEBUG:colcon.colcon_core.event_handler.log_command:Invoking command in '/home/leeeezy/Workspace/GEEK-EGRET-FPV-SDK/Node/ORBBEC_CAMERA/build/orbbec_camera': CMAKE_PREFIX_PATH=${CMAKE_PREFIX_PATH}:/opt/ros/humble /usr/bin/cmake --install /home/leeeezy/Workspace/GEEK-EGRET-FPV-SDK/Node/ORBBEC_CAMERA/build/orbbec_camera
[6.733s] Level 1:colcon.colcon_core.environment:create_environment_scripts_only(orbbec_camera)
[6.734s] DEBUG:colcon.colcon_core.event_handler.log_command:Invoked command in '/home/leeeezy/Workspace/GEEK-EGRET-FPV-SDK/Node/ORBBEC_CAMERA/build/orbbec_camera' returned '0': CMAKE_PREFIX_PATH=${CMAKE_PREFIX_PATH}:/opt/ros/humble /usr/bin/cmake --install /home/leeeezy/Workspace/GEEK-EGRET-FPV-SDK/Node/ORBBEC_CAMERA/build/orbbec_camera
[6.736s] Level 1:colcon.colcon_core.environment:checking '/home/leeeezy/Workspace/GEEK-EGRET-FPV-SDK/Node/ORBBEC_CAMERA/install/orbbec_camera' for CMake module files
[6.736s] Level 1:colcon.colcon_core.environment:checking '/home/leeeezy/Workspace/GEEK-EGRET-FPV-SDK/Node/ORBBEC_CAMERA/install/orbbec_camera' for CMake config files
[6.736s] Level 1:colcon.colcon_core.shell:create_environment_hook('orbbec_camera', 'cmake_prefix_path')
[6.736s] INFO:colcon.colcon_core.shell:Creating environment hook '/home/leeeezy/Workspace/GEEK-EGRET-FPV-SDK/Node/ORBBEC_CAMERA/install/orbbec_camera/share/orbbec_camera/hook/cmake_prefix_path.ps1'
[6.737s] INFO:colcon.colcon_core.shell:Creating environment descriptor '/home/leeeezy/Workspace/GEEK-EGRET-FPV-SDK/Node/ORBBEC_CAMERA/install/orbbec_camera/share/orbbec_camera/hook/cmake_prefix_path.dsv'
[6.737s] INFO:colcon.colcon_core.shell:Creating environment hook '/home/leeeezy/Workspace/GEEK-EGRET-FPV-SDK/Node/ORBBEC_CAMERA/install/orbbec_camera/share/orbbec_camera/hook/cmake_prefix_path.sh'
[6.738s] Level 1:colcon.colcon_core.environment:checking '/home/leeeezy/Workspace/GEEK-EGRET-FPV-SDK/Node/ORBBEC_CAMERA/install/orbbec_camera/lib'
[6.738s] Level 1:colcon.colcon_core.environment:checking '/home/leeeezy/Workspace/GEEK-EGRET-FPV-SDK/Node/ORBBEC_CAMERA/install/orbbec_camera/bin'
[6.738s] Level 1:colcon.colcon_core.environment:checking '/home/leeeezy/Workspace/GEEK-EGRET-FPV-SDK/Node/ORBBEC_CAMERA/install/orbbec_camera/lib/pkgconfig/orbbec_camera.pc'
[6.738s] Level 1:colcon.colcon_core.environment:checking '/home/leeeezy/Workspace/GEEK-EGRET-FPV-SDK/Node/ORBBEC_CAMERA/install/orbbec_camera/lib/python3.10/site-packages'
[6.739s] Level 1:colcon.colcon_core.environment:checking '/home/leeeezy/Workspace/GEEK-EGRET-FPV-SDK/Node/ORBBEC_CAMERA/install/orbbec_camera/bin'
[6.739s] INFO:colcon.colcon_core.shell:Creating package script '/home/leeeezy/Workspace/GEEK-EGRET-FPV-SDK/Node/ORBBEC_CAMERA/install/orbbec_camera/share/orbbec_camera/package.ps1'
[6.739s] INFO:colcon.colcon_core.shell:Creating package descriptor '/home/leeeezy/Workspace/GEEK-EGRET-FPV-SDK/Node/ORBBEC_CAMERA/install/orbbec_camera/share/orbbec_camera/package.dsv'
[6.740s] INFO:colcon.colcon_core.shell:Creating package script '/home/leeeezy/Workspace/GEEK-EGRET-FPV-SDK/Node/ORBBEC_CAMERA/install/orbbec_camera/share/orbbec_camera/package.sh'
[6.740s] INFO:colcon.colcon_core.shell:Creating package script '/home/leeeezy/Workspace/GEEK-EGRET-FPV-SDK/Node/ORBBEC_CAMERA/install/orbbec_camera/share/orbbec_camera/package.bash'
[6.741s] INFO:colcon.colcon_core.shell:Creating package script '/home/leeeezy/Workspace/GEEK-EGRET-FPV-SDK/Node/ORBBEC_CAMERA/install/orbbec_camera/share/orbbec_camera/package.zsh'
[6.741s] Level 1:colcon.colcon_core.environment:create_file_with_runtime_dependencies(/home/leeeezy/Workspace/GEEK-EGRET-FPV-SDK/Node/ORBBEC_CAMERA/install/orbbec_camera/share/colcon-core/packages/orbbec_camera)
[6.742s] Level 1:colcon.colcon_core.environment:create_environment_scripts_only(orbbec_camera)
[6.742s] Level 1:colcon.colcon_core.environment:checking '/home/leeeezy/Workspace/GEEK-EGRET-FPV-SDK/Node/ORBBEC_CAMERA/install/orbbec_camera' for CMake module files
[6.742s] Level 1:colcon.colcon_core.environment:checking '/home/leeeezy/Workspace/GEEK-EGRET-FPV-SDK/Node/ORBBEC_CAMERA/install/orbbec_camera' for CMake config files
[6.742s] Level 1:colcon.colcon_core.shell:create_environment_hook('orbbec_camera', 'cmake_prefix_path')
[6.742s] INFO:colcon.colcon_core.shell:Creating environment hook '/home/leeeezy/Workspace/GEEK-EGRET-FPV-SDK/Node/ORBBEC_CAMERA/install/orbbec_camera/share/orbbec_camera/hook/cmake_prefix_path.ps1'
[6.742s] INFO:colcon.colcon_core.shell:Creating environment descriptor '/home/leeeezy/Workspace/GEEK-EGRET-FPV-SDK/Node/ORBBEC_CAMERA/install/orbbec_camera/share/orbbec_camera/hook/cmake_prefix_path.dsv'
[6.743s] INFO:colcon.colcon_core.shell:Creating environment hook '/home/leeeezy/Workspace/GEEK-EGRET-FPV-SDK/Node/ORBBEC_CAMERA/install/orbbec_camera/share/orbbec_camera/hook/cmake_prefix_path.sh'
[6.743s] Level 1:colcon.colcon_core.environment:checking '/home/leeeezy/Workspace/GEEK-EGRET-FPV-SDK/Node/ORBBEC_CAMERA/install/orbbec_camera/lib'
[6.743s] Level 1:colcon.colcon_core.environment:checking '/home/leeeezy/Workspace/GEEK-EGRET-FPV-SDK/Node/ORBBEC_CAMERA/install/orbbec_camera/bin'
[6.743s] Level 1:colcon.colcon_core.environment:checking '/home/leeeezy/Workspace/GEEK-EGRET-FPV-SDK/Node/ORBBEC_CAMERA/install/orbbec_camera/lib/pkgconfig/orbbec_camera.pc'
[6.743s] Level 1:colcon.colcon_core.environment:checking '/home/leeeezy/Workspace/GEEK-EGRET-FPV-SDK/Node/ORBBEC_CAMERA/install/orbbec_camera/lib/python3.10/site-packages'
[6.743s] Level 1:colcon.colcon_core.environment:checking '/home/leeeezy/Workspace/GEEK-EGRET-FPV-SDK/Node/ORBBEC_CAMERA/install/orbbec_camera/bin'
[6.744s] INFO:colcon.colcon_core.shell:Creating package script '/home/leeeezy/Workspace/GEEK-EGRET-FPV-SDK/Node/ORBBEC_CAMERA/install/orbbec_camera/share/orbbec_camera/package.ps1'
[6.744s] INFO:colcon.colcon_core.shell:Creating package descriptor '/home/leeeezy/Workspace/GEEK-EGRET-FPV-SDK/Node/ORBBEC_CAMERA/install/orbbec_camera/share/orbbec_camera/package.dsv'
[6.744s] INFO:colcon.colcon_core.shell:Creating package script '/home/leeeezy/Workspace/GEEK-EGRET-FPV-SDK/Node/ORBBEC_CAMERA/install/orbbec_camera/share/orbbec_camera/package.sh'
[6.745s] INFO:colcon.colcon_core.shell:Creating package script '/home/leeeezy/Workspace/GEEK-EGRET-FPV-SDK/Node/ORBBEC_CAMERA/install/orbbec_camera/share/orbbec_camera/package.bash'
[6.745s] INFO:colcon.colcon_core.shell:Creating package script '/home/leeeezy/Workspace/GEEK-EGRET-FPV-SDK/Node/ORBBEC_CAMERA/install/orbbec_camera/share/orbbec_camera/package.zsh'
[6.745s] Level 1:colcon.colcon_core.environment:create_file_with_runtime_dependencies(/home/leeeezy/Workspace/GEEK-EGRET-FPV-SDK/Node/ORBBEC_CAMERA/install/orbbec_camera/share/colcon-core/packages/orbbec_camera)
[6.745s] DEBUG:colcon.colcon_parallel_executor.executor.parallel:closing loop
[6.745s] DEBUG:colcon.colcon_parallel_executor.executor.parallel:loop closed
[6.745s] DEBUG:colcon.colcon_parallel_executor.executor.parallel:run_until_complete finished with '0'
[6.745s] DEBUG:colcon.colcon_core.event_reactor:joining thread
[6.752s] INFO:colcon.colcon_core.plugin_system:Skipping extension 'colcon_notification.desktop_notification.notify_send': Could not find 'notify-send'
[6.752s] INFO:colcon.colcon_core.plugin_system:Skipping extension 'colcon_notification.desktop_notification.terminal_notifier': Not used on non-Darwin systems
[6.752s] INFO:colcon.colcon_core.plugin_system:Skipping extension 'colcon_notification.desktop_notification.win32': Not used on non-Windows systems
[6.752s] INFO:colcon.colcon_notification.desktop_notification:Sending desktop notification using 'notify2'
[6.754s] DEBUG:colcon.colcon_notification.desktop_notification.notify2:Failed to initialize notify2: org.freedesktop.DBus.Error.Spawn.ExecFailed: /usr/bin/dbus-launch terminated abnormally without any error message
[6.754s] DEBUG:colcon.colcon_core.event_reactor:joined thread
[6.754s] INFO:colcon.colcon_core.shell:Creating prefix script '/home/leeeezy/Workspace/GEEK-EGRET-FPV-SDK/Node/ORBBEC_CAMERA/install/local_setup.ps1'
[6.755s] INFO:colcon.colcon_core.shell:Creating prefix util module '/home/leeeezy/Workspace/GEEK-EGRET-FPV-SDK/Node/ORBBEC_CAMERA/install/_local_setup_util_ps1.py'
[6.756s] INFO:colcon.colcon_core.shell:Creating prefix chain script '/home/leeeezy/Workspace/GEEK-EGRET-FPV-SDK/Node/ORBBEC_CAMERA/install/setup.ps1'
[6.757s] INFO:colcon.colcon_core.shell:Creating prefix script '/home/leeeezy/Workspace/GEEK-EGRET-FPV-SDK/Node/ORBBEC_CAMERA/install/local_setup.sh'
[6.757s] INFO:colcon.colcon_core.shell:Creating prefix util module '/home/leeeezy/Workspace/GEEK-EGRET-FPV-SDK/Node/ORBBEC_CAMERA/install/_local_setup_util_sh.py'
[6.757s] INFO:colcon.colcon_core.shell:Creating prefix chain script '/home/leeeezy/Workspace/GEEK-EGRET-FPV-SDK/Node/ORBBEC_CAMERA/install/setup.sh'
[6.758s] INFO:colcon.colcon_core.shell:Creating prefix script '/home/leeeezy/Workspace/GEEK-EGRET-FPV-SDK/Node/ORBBEC_CAMERA/install/local_setup.bash'
[6.758s] INFO:colcon.colcon_core.shell:Creating prefix chain script '/home/leeeezy/Workspace/GEEK-EGRET-FPV-SDK/Node/ORBBEC_CAMERA/install/setup.bash'
[6.759s] INFO:colcon.colcon_core.shell:Creating prefix script '/home/leeeezy/Workspace/GEEK-EGRET-FPV-SDK/Node/ORBBEC_CAMERA/install/local_setup.zsh'
[6.759s] INFO:colcon.colcon_core.shell:Creating prefix chain script '/home/leeeezy/Workspace/GEEK-EGRET-FPV-SDK/Node/ORBBEC_CAMERA/install/setup.zsh'
