[0.000000] (-) TimerEvent: {}
[0.000475] (orb_slam3) JobQueued: {'identifier': 'orb_slam3', 'dependencies': OrderedDict()}
[0.000553] (orb_slam3) JobStarted: {'identifier': 'orb_slam3'}
[0.009706] (orb_slam3) JobProgress: {'identifier': 'orb_slam3', 'progress': 'cmake'}
[0.010689] (orb_slam3) Command: {'cmd': ['/usr/bin/cmake', '/home/leeeezy/Workspace/FPV_NEW/FPV/Node/ORB_Slam3/Workspace', '-DCMAKE_INSTALL_PREFIX=/home/leeeezy/Workspace/FPV_NEW/FPV/Node/ORB_Slam3/install/orb_slam3'], 'cwd': '/home/leeeezy/Workspace/FPV_NEW/FPV/Node/ORB_Slam3/build/orb_slam3', 'env': OrderedDict([('HOSTNAME', 'leeeezy'), ('SHLVL', '1'), ('HOME', '/home/leeeezy'), ('OLDPWD', '/home/leeeezy/Workspace/FPV_NEW/FPV/Node'), ('LC_CTYPE', 'C.UTF-8'), ('_', '/usr/bin/colcon'), ('TERM', 'xterm'), ('QT_X11_NO_MITSHM', '1'), ('PATH', '/usr/local/sbin:/usr/local/bin:/usr/sbin:/usr/bin:/sbin:/bin'), ('DISPLAY', ':0'), ('RMW_IMPLEMENTATION', 'rmw_cyclonedds_cpp'), ('PWD', '/home/leeeezy/Workspace/FPV_NEW/FPV/Node/ORB_Slam3/build/orb_slam3'), ('COLCON', '1')]), 'shell': False}
[0.099631] (-) TimerEvent: {}
[0.199927] (-) TimerEvent: {}
[0.237837] (orb_slam3) StdoutLine: {'line': b'-- The C compiler identification is GNU 11.4.0\n'}
[0.300079] (-) TimerEvent: {}
[0.390278] (orb_slam3) StdoutLine: {'line': b'-- The CXX compiler identification is GNU 11.4.0\n'}
[0.400178] (-) TimerEvent: {}
[0.401294] (orb_slam3) StdoutLine: {'line': b'-- Detecting C compiler ABI info\n'}
[0.483238] (orb_slam3) StdoutLine: {'line': b'-- Detecting C compiler ABI info - done\n'}
[0.490505] (orb_slam3) StdoutLine: {'line': b'-- Check for working C compiler: /usr/bin/cc - skipped\n'}
[0.490973] (orb_slam3) StdoutLine: {'line': b'-- Detecting C compile features\n'}
[0.491635] (orb_slam3) StdoutLine: {'line': b'-- Detecting C compile features - done\n'}
[0.495153] (orb_slam3) StdoutLine: {'line': b'-- Detecting CXX compiler ABI info\n'}
[0.500280] (-) TimerEvent: {}
[0.582623] (orb_slam3) StdoutLine: {'line': b'-- Detecting CXX compiler ABI info - done\n'}
[0.595965] (orb_slam3) StdoutLine: {'line': b'-- Check for working CXX compiler: /usr/bin/c++ - skipped\n'}
[0.596248] (orb_slam3) StdoutLine: {'line': b'-- Detecting CXX compile features\n'}
[0.596760] (orb_slam3) StdoutLine: {'line': b'-- Detecting CXX compile features - done\n'}
[0.600365] (-) TimerEvent: {}
[0.611827] (orb_slam3) StderrLine: {'line': b'\x1b[31mCMake Error at CMakeLists.txt:15 (find_package):\n'}
[0.612082] (orb_slam3) StderrLine: {'line': b'  By not providing "Findament_cmake.cmake" in CMAKE_MODULE_PATH this project\n'}
[0.612230] (orb_slam3) StderrLine: {'line': b'  has asked CMake to find a package configuration file provided by\n'}
[0.612303] (orb_slam3) StderrLine: {'line': b'  "ament_cmake", but CMake did not find one.\n'}
[0.612363] (orb_slam3) StderrLine: {'line': b'\n'}
[0.612426] (orb_slam3) StderrLine: {'line': b'  Could not find a package configuration file provided by "ament_cmake" with\n'}
[0.612477] (orb_slam3) StderrLine: {'line': b'  any of the following names:\n'}
[0.612527] (orb_slam3) StderrLine: {'line': b'\n'}
[0.612575] (orb_slam3) StderrLine: {'line': b'    ament_cmakeConfig.cmake\n'}
[0.612624] (orb_slam3) StderrLine: {'line': b'    ament_cmake-config.cmake\n'}
[0.612672] (orb_slam3) StderrLine: {'line': b'\n'}
[0.612720] (orb_slam3) StderrLine: {'line': b'  Add the installation prefix of "ament_cmake" to CMAKE_PREFIX_PATH or set\n'}
[0.612769] (orb_slam3) StderrLine: {'line': b'  "ament_cmake_DIR" to a directory containing one of the above files.  If\n'}
[0.612817] (orb_slam3) StderrLine: {'line': b'  "ament_cmake" provides a separate development package or SDK, be sure it\n'}
[0.612866] (orb_slam3) StderrLine: {'line': b'  has been installed.\n'}
[0.612914] (orb_slam3) StderrLine: {'line': b'\n'}
[0.612961] (orb_slam3) StderrLine: {'line': b'\x1b[0m\n'}
[0.613009] (orb_slam3) StdoutLine: {'line': b'-- Configuring incomplete, errors occurred!\n'}
[0.613066] (orb_slam3) StdoutLine: {'line': b'See also "/home/leeeezy/Workspace/FPV_NEW/FPV/Node/ORB_Slam3/build/orb_slam3/CMakeFiles/CMakeOutput.log".\n'}
[0.616909] (orb_slam3) CommandEnded: {'returncode': 1}
[0.643472] (orb_slam3) JobEnded: {'identifier': 'orb_slam3', 'rc': 1}
[0.654096] (-) EventReactorShutdown: {}
