[0.221s] DEBUG:colcon:Command line arguments: ['/usr/bin/colcon', 'build']
[0.221s] DEBUG:colcon:Parsed command line arguments: Namespace(log_base=None, log_level=None, verb_name='build', build_base='build', install_base='install', merge_install=False, symlink_install=False, test_result_base=None, continue_on_error=False, executor='parallel', parallel_workers=8, event_handlers=None, ignore_user_meta=False, metas=['./colcon.meta'], base_paths=['.'], packages_ignore=None, packages_ignore_regex=None, paths=None, packages_up_to=None, packages_up_to_regex=None, packages_above=None, packages_above_and_dependencies=None, packages_above_depth=None, packages_select_by_dep=None, packages_skip_by_dep=None, packages_skip_up_to=None, packages_select_build_failed=False, packages_skip_build_finished=False, packages_select_test_failures=False, packages_skip_test_passed=False, packages_select=None, packages_skip=None, packages_select_regex=None, packages_skip_regex=None, packages_start=None, packages_end=None, allow_overriding=[], cmake_args=None, cmake_target=None, cmake_target_skip_unavailable=False, cmake_clean_cache=False, cmake_clean_first=False, cmake_force_configure=False, ament_cmake_args=None, catkin_cmake_args=None, catkin_skip_building_tests=False, verb_parser=<colcon_defaults.argument_parser.defaults.DefaultArgumentsDecorator object at 0x72a6b8c75c30>, verb_extension=<colcon_core.verb.build.BuildVerb object at 0x72a6b8c75720>, main=<bound method BuildVerb.main of <colcon_core.verb.build.BuildVerb object at 0x72a6b8c75720>>)
[0.383s] Level 1:colcon.colcon_core.package_discovery:discover_packages(colcon_meta) check parameters
[0.383s] Level 1:colcon.colcon_core.package_discovery:discover_packages(recursive) check parameters
[0.383s] Level 1:colcon.colcon_core.package_discovery:discover_packages(ignore) check parameters
[0.383s] Level 1:colcon.colcon_core.package_discovery:discover_packages(path) check parameters
[0.383s] Level 1:colcon.colcon_core.package_discovery:discover_packages(colcon_meta) discover
[0.383s] Level 1:colcon.colcon_core.package_discovery:discover_packages(recursive) discover
[0.383s] INFO:colcon.colcon_core.package_discovery:Crawling recursively for packages in '/home/leeeezy/Workspace/FPV_NEW/FPV/Node/ORB_Slam3'
[0.383s] Level 1:colcon.colcon_core.package_identification:_identify(.) by extensions ['ignore', 'ignore_ament_install']
[0.383s] Level 1:colcon.colcon_core.package_identification:_identify(.) by extension 'ignore'
[0.383s] Level 1:colcon.colcon_core.package_identification:_identify(.) by extension 'ignore_ament_install'
[0.383s] Level 1:colcon.colcon_core.package_identification:_identify(.) by extensions ['colcon_pkg']
[0.383s] Level 1:colcon.colcon_core.package_identification:_identify(.) by extension 'colcon_pkg'
[0.383s] Level 1:colcon.colcon_core.package_identification:_identify(.) by extensions ['colcon_meta']
[0.383s] Level 1:colcon.colcon_core.package_identification:_identify(.) by extension 'colcon_meta'
[0.383s] Level 1:colcon.colcon_core.package_identification:_identify(.) by extensions ['ros']
[0.383s] Level 1:colcon.colcon_core.package_identification:_identify(.) by extension 'ros'
[0.397s] Level 1:colcon.colcon_core.package_identification:_identify(.) by extensions ['cmake', 'python']
[0.397s] Level 1:colcon.colcon_core.package_identification:_identify(.) by extension 'cmake'
[0.397s] Level 1:colcon.colcon_core.package_identification:_identify(.) by extension 'python'
[0.397s] Level 1:colcon.colcon_core.package_identification:_identify(.) by extensions ['python_setup_py']
[0.398s] Level 1:colcon.colcon_core.package_identification:_identify(.) by extension 'python_setup_py'
[0.398s] Level 1:colcon.colcon_core.package_identification:_identify(Workspace) by extensions ['ignore', 'ignore_ament_install']
[0.398s] Level 1:colcon.colcon_core.package_identification:_identify(Workspace) by extension 'ignore'
[0.398s] Level 1:colcon.colcon_core.package_identification:_identify(Workspace) by extension 'ignore_ament_install'
[0.398s] Level 1:colcon.colcon_core.package_identification:_identify(Workspace) by extensions ['colcon_pkg']
[0.398s] Level 1:colcon.colcon_core.package_identification:_identify(Workspace) by extension 'colcon_pkg'
[0.398s] Level 1:colcon.colcon_core.package_identification:_identify(Workspace) by extensions ['colcon_meta']
[0.398s] Level 1:colcon.colcon_core.package_identification:_identify(Workspace) by extension 'colcon_meta'
[0.398s] Level 1:colcon.colcon_core.package_identification:_identify(Workspace) by extensions ['ros']
[0.398s] Level 1:colcon.colcon_core.package_identification:_identify(Workspace) by extension 'ros'
[0.401s] DEBUG:colcon.colcon_core.package_identification:Package 'Workspace' with type 'ros.ament_cmake' and name 'orb_slam3'
[0.401s] Level 1:colcon.colcon_core.package_identification:_identify(build) by extensions ['ignore', 'ignore_ament_install']
[0.401s] Level 1:colcon.colcon_core.package_identification:_identify(build) by extension 'ignore'
[0.401s] Level 1:colcon.colcon_core.package_identification:_identify(build) ignored
[0.402s] Level 1:colcon.colcon_core.package_identification:_identify(install) by extensions ['ignore', 'ignore_ament_install']
[0.402s] Level 1:colcon.colcon_core.package_identification:_identify(install) by extension 'ignore'
[0.402s] Level 1:colcon.colcon_core.package_identification:_identify(install) ignored
[0.402s] Level 1:colcon.colcon_core.package_identification:_identify(log) by extensions ['ignore', 'ignore_ament_install']
[0.402s] Level 1:colcon.colcon_core.package_identification:_identify(log) by extension 'ignore'
[0.402s] Level 1:colcon.colcon_core.package_identification:_identify(log) ignored
[0.402s] Level 1:colcon.colcon_core.package_discovery:discover_packages(recursive) using defaults
[0.402s] Level 1:colcon.colcon_core.package_discovery:discover_packages(ignore) discover
[0.402s] Level 1:colcon.colcon_core.package_discovery:discover_packages(ignore) using defaults
[0.402s] Level 1:colcon.colcon_core.package_discovery:discover_packages(path) discover
[0.402s] Level 1:colcon.colcon_core.package_discovery:discover_packages(path) using defaults
[0.435s] Level 1:colcon.colcon_core.package_discovery:discover_packages(prefix_path) check parameters
[0.435s] Level 1:colcon.colcon_core.package_discovery:discover_packages(prefix_path) discover
[0.436s] Level 1:colcon.colcon_core.package_discovery:discover_packages(prefix_path) using defaults
[0.438s] Level 5:colcon.colcon_core.verb:set package 'orb_slam3' build argument 'cmake_args' from command line to 'None'
[0.438s] Level 5:colcon.colcon_core.verb:set package 'orb_slam3' build argument 'cmake_target' from command line to 'None'
[0.438s] Level 5:colcon.colcon_core.verb:set package 'orb_slam3' build argument 'cmake_target_skip_unavailable' from command line to 'False'
[0.438s] Level 5:colcon.colcon_core.verb:set package 'orb_slam3' build argument 'cmake_clean_cache' from command line to 'False'
[0.438s] Level 5:colcon.colcon_core.verb:set package 'orb_slam3' build argument 'cmake_clean_first' from command line to 'False'
[0.438s] Level 5:colcon.colcon_core.verb:set package 'orb_slam3' build argument 'cmake_force_configure' from command line to 'False'
[0.438s] Level 5:colcon.colcon_core.verb:set package 'orb_slam3' build argument 'ament_cmake_args' from command line to 'None'
[0.438s] Level 5:colcon.colcon_core.verb:set package 'orb_slam3' build argument 'catkin_cmake_args' from command line to 'None'
[0.438s] Level 5:colcon.colcon_core.verb:set package 'orb_slam3' build argument 'catkin_skip_building_tests' from command line to 'False'
[0.438s] DEBUG:colcon.colcon_core.verb:Building package 'orb_slam3' with the following arguments: {'ament_cmake_args': None, 'build_base': '/home/leeeezy/Workspace/FPV_NEW/FPV/Node/ORB_Slam3/build/orb_slam3', 'catkin_cmake_args': None, 'catkin_skip_building_tests': False, 'cmake_args': None, 'cmake_clean_cache': False, 'cmake_clean_first': False, 'cmake_force_configure': False, 'cmake_target': None, 'cmake_target_skip_unavailable': False, 'install_base': '/home/leeeezy/Workspace/FPV_NEW/FPV/Node/ORB_Slam3/install/orb_slam3', 'merge_install': False, 'path': '/home/leeeezy/Workspace/FPV_NEW/FPV/Node/ORB_Slam3/Workspace', 'symlink_install': False, 'test_result_base': None}
[0.438s] INFO:colcon.colcon_core.executor:Executing jobs using 'parallel' executor
[0.439s] DEBUG:colcon.colcon_parallel_executor.executor.parallel:run_until_complete
[0.439s] INFO:colcon.colcon_ros.task.ament_cmake.build:Building ROS package in '/home/leeeezy/Workspace/FPV_NEW/FPV/Node/ORB_Slam3/Workspace' with build type 'ament_cmake'
[0.439s] INFO:colcon.colcon_cmake.task.cmake.build:Building CMake package in '/home/leeeezy/Workspace/FPV_NEW/FPV/Node/ORB_Slam3/Workspace'
[0.444s] INFO:colcon.colcon_core.plugin_system:Skipping extension 'colcon_core.shell.bat': Not used on non-Windows systems
[0.444s] INFO:colcon.colcon_core.shell:Skip shell extension 'powershell' for command environment: Not usable outside of PowerShell
[0.444s] DEBUG:colcon.colcon_core.shell:Skip shell extension 'dsv' for command environment
[0.451s] DEBUG:colcon.colcon_core.event_handler.log_command:Invoking command in '/home/leeeezy/Workspace/FPV_NEW/FPV/Node/ORB_Slam3/build/orb_slam3': /usr/bin/cmake /home/leeeezy/Workspace/FPV_NEW/FPV/Node/ORB_Slam3/Workspace -DCMAKE_INSTALL_PREFIX=/home/leeeezy/Workspace/FPV_NEW/FPV/Node/ORB_Slam3/install/orb_slam3
[1.056s] DEBUG:colcon.colcon_core.event_handler.log_command:Invoked command in '/home/leeeezy/Workspace/FPV_NEW/FPV/Node/ORB_Slam3/build/orb_slam3' returned '1': /usr/bin/cmake /home/leeeezy/Workspace/FPV_NEW/FPV/Node/ORB_Slam3/Workspace -DCMAKE_INSTALL_PREFIX=/home/leeeezy/Workspace/FPV_NEW/FPV/Node/ORB_Slam3/install/orb_slam3
[1.069s] Level 1:colcon.colcon_core.environment:create_environment_scripts_only(orb_slam3)
[1.074s] Level 1:colcon.colcon_core.environment:checking '/home/leeeezy/Workspace/FPV_NEW/FPV/Node/ORB_Slam3/install/orb_slam3' for CMake module files
[1.074s] Level 1:colcon.colcon_core.environment:checking '/home/leeeezy/Workspace/FPV_NEW/FPV/Node/ORB_Slam3/install/orb_slam3' for CMake config files
[1.075s] Level 1:colcon.colcon_core.environment:checking '/home/leeeezy/Workspace/FPV_NEW/FPV/Node/ORB_Slam3/install/orb_slam3/bin'
[1.075s] Level 1:colcon.colcon_core.environment:checking '/home/leeeezy/Workspace/FPV_NEW/FPV/Node/ORB_Slam3/install/orb_slam3/lib/pkgconfig/orb_slam3.pc'
[1.077s] Level 1:colcon.colcon_core.environment:checking '/home/leeeezy/Workspace/FPV_NEW/FPV/Node/ORB_Slam3/install/orb_slam3/lib/python3.10/site-packages'
[1.078s] Level 1:colcon.colcon_core.environment:checking '/home/leeeezy/Workspace/FPV_NEW/FPV/Node/ORB_Slam3/install/orb_slam3/bin'
[1.078s] INFO:colcon.colcon_core.shell:Creating package script '/home/leeeezy/Workspace/FPV_NEW/FPV/Node/ORB_Slam3/install/orb_slam3/share/orb_slam3/package.ps1'
[1.079s] INFO:colcon.colcon_core.shell:Creating package descriptor '/home/leeeezy/Workspace/FPV_NEW/FPV/Node/ORB_Slam3/install/orb_slam3/share/orb_slam3/package.dsv'
[1.080s] INFO:colcon.colcon_core.shell:Creating package script '/home/leeeezy/Workspace/FPV_NEW/FPV/Node/ORB_Slam3/install/orb_slam3/share/orb_slam3/package.sh'
[1.080s] INFO:colcon.colcon_core.shell:Creating package script '/home/leeeezy/Workspace/FPV_NEW/FPV/Node/ORB_Slam3/install/orb_slam3/share/orb_slam3/package.bash'
[1.081s] INFO:colcon.colcon_core.shell:Creating package script '/home/leeeezy/Workspace/FPV_NEW/FPV/Node/ORB_Slam3/install/orb_slam3/share/orb_slam3/package.zsh'
[1.082s] Level 1:colcon.colcon_core.environment:create_file_with_runtime_dependencies(/home/leeeezy/Workspace/FPV_NEW/FPV/Node/ORB_Slam3/install/orb_slam3/share/colcon-core/packages/orb_slam3)
[1.093s] DEBUG:colcon.colcon_parallel_executor.executor.parallel:closing loop
[1.093s] DEBUG:colcon.colcon_parallel_executor.executor.parallel:loop closed
[1.093s] DEBUG:colcon.colcon_parallel_executor.executor.parallel:run_until_complete finished with '1'
[1.093s] DEBUG:colcon.colcon_core.event_reactor:joining thread
[1.106s] INFO:colcon.colcon_core.plugin_system:Skipping extension 'colcon_notification.desktop_notification.notify_send': Could not find 'notify-send'
[1.106s] INFO:colcon.colcon_core.plugin_system:Skipping extension 'colcon_notification.desktop_notification.terminal_notifier': Not used on non-Darwin systems
[1.106s] INFO:colcon.colcon_core.plugin_system:Skipping extension 'colcon_notification.desktop_notification.win32': Not used on non-Windows systems
[1.106s] INFO:colcon.colcon_notification.desktop_notification:Sending desktop notification using 'notify2'
[1.109s] DEBUG:colcon.colcon_notification.desktop_notification.notify2:Failed to initialize notify2: org.freedesktop.DBus.Error.Spawn.ExecFailed: /usr/bin/dbus-launch terminated abnormally without any error message
[1.109s] DEBUG:colcon.colcon_core.event_reactor:joined thread
[1.110s] INFO:colcon.colcon_core.shell:Creating prefix script '/home/leeeezy/Workspace/FPV_NEW/FPV/Node/ORB_Slam3/install/local_setup.ps1'
[1.112s] INFO:colcon.colcon_core.shell:Creating prefix util module '/home/leeeezy/Workspace/FPV_NEW/FPV/Node/ORB_Slam3/install/_local_setup_util_ps1.py'
[1.113s] INFO:colcon.colcon_core.shell:Creating prefix chain script '/home/leeeezy/Workspace/FPV_NEW/FPV/Node/ORB_Slam3/install/setup.ps1'
[1.114s] INFO:colcon.colcon_core.shell:Creating prefix script '/home/leeeezy/Workspace/FPV_NEW/FPV/Node/ORB_Slam3/install/local_setup.sh'
[1.115s] INFO:colcon.colcon_core.shell:Creating prefix util module '/home/leeeezy/Workspace/FPV_NEW/FPV/Node/ORB_Slam3/install/_local_setup_util_sh.py'
[1.116s] INFO:colcon.colcon_core.shell:Creating prefix chain script '/home/leeeezy/Workspace/FPV_NEW/FPV/Node/ORB_Slam3/install/setup.sh'
[1.117s] INFO:colcon.colcon_core.shell:Creating prefix script '/home/leeeezy/Workspace/FPV_NEW/FPV/Node/ORB_Slam3/install/local_setup.bash'
[1.118s] INFO:colcon.colcon_core.shell:Creating prefix chain script '/home/leeeezy/Workspace/FPV_NEW/FPV/Node/ORB_Slam3/install/setup.bash'
[1.119s] INFO:colcon.colcon_core.shell:Creating prefix script '/home/leeeezy/Workspace/FPV_NEW/FPV/Node/ORB_Slam3/install/local_setup.zsh'
[1.120s] INFO:colcon.colcon_core.shell:Creating prefix chain script '/home/leeeezy/Workspace/FPV_NEW/FPV/Node/ORB_Slam3/install/setup.zsh'
