[0.010s] Invoking command in '/home/leeeezy/Workspace/GEEK-EGRET-FPV-SDK/Node/ORBBEC_CAMERA/build/orbbec_camera': CMAKE_PREFIX_PATH=${CMAKE_PREFIX_PATH}:/opt/ros/humble /usr/bin/cmake --build /home/leeeezy/Workspace/GEEK-EGRET-FPV-SDK/Node/ORBBEC_CAMERA/build/orbbec_camera -- -j20 -l20
[0.045s] [35m[1mConsolidate compiler generated dependencies of target orbbec_camera[0m
[0.061s] [100%] Built target orbbec_camera
[0.072s] Invoked command in '/home/leeeezy/Workspace/GEEK-EGRET-FPV-SDK/Node/ORBBEC_CAMERA/build/orbbec_camera' returned '0': CMAKE_PREFIX_PATH=${CMAKE_PREFIX_PATH}:/opt/ros/humble /usr/bin/cmake --build /home/leeeezy/Workspace/GEEK-EGRET-FPV-SDK/Node/ORBBEC_CAMERA/build/orbbec_camera -- -j20 -l20
[0.082s] Invoking command in '/home/leeeezy/Workspace/GEEK-EGRET-FPV-SDK/Node/ORBBEC_CAMERA/build/orbbec_camera': CMAKE_PREFIX_PATH=${CMAKE_PREFIX_PATH}:/opt/ros/humble /usr/bin/cmake --install /home/leeeezy/Workspace/GEEK-EGRET-FPV-SDK/Node/ORBBEC_CAMERA/build/orbbec_camera
[0.088s] -- Install configuration: ""
[0.089s] -- Up-to-date: /home/leeeezy/Workspace/GEEK-EGRET-FPV-SDK/Node/ORBBEC_CAMERA/install/orbbec_camera/share/ament_index/resource_index/package_run_dependencies/orbbec_camera
[0.089s] -- Up-to-date: /home/leeeezy/Workspace/GEEK-EGRET-FPV-SDK/Node/ORBBEC_CAMERA/install/orbbec_camera/share/ament_index/resource_index/parent_prefix_path/orbbec_camera
[0.089s] -- Up-to-date: /home/leeeezy/Workspace/GEEK-EGRET-FPV-SDK/Node/ORBBEC_CAMERA/install/orbbec_camera/share/orbbec_camera/environment/ament_prefix_path.sh
[0.089s] -- Up-to-date: /home/leeeezy/Workspace/GEEK-EGRET-FPV-SDK/Node/ORBBEC_CAMERA/install/orbbec_camera/share/orbbec_camera/environment/ament_prefix_path.dsv
[0.089s] -- Up-to-date: /home/leeeezy/Workspace/GEEK-EGRET-FPV-SDK/Node/ORBBEC_CAMERA/install/orbbec_camera/share/orbbec_camera/environment/path.sh
[0.089s] -- Up-to-date: /home/leeeezy/Workspace/GEEK-EGRET-FPV-SDK/Node/ORBBEC_CAMERA/install/orbbec_camera/share/orbbec_camera/environment/path.dsv
[0.089s] -- Up-to-date: /home/leeeezy/Workspace/GEEK-EGRET-FPV-SDK/Node/ORBBEC_CAMERA/install/orbbec_camera/share/orbbec_camera/local_setup.bash
[0.089s] -- Up-to-date: /home/leeeezy/Workspace/GEEK-EGRET-FPV-SDK/Node/ORBBEC_CAMERA/install/orbbec_camera/share/orbbec_camera/local_setup.sh
[0.090s] -- Up-to-date: /home/leeeezy/Workspace/GEEK-EGRET-FPV-SDK/Node/ORBBEC_CAMERA/install/orbbec_camera/share/orbbec_camera/local_setup.zsh
[0.090s] -- Up-to-date: /home/leeeezy/Workspace/GEEK-EGRET-FPV-SDK/Node/ORBBEC_CAMERA/install/orbbec_camera/share/orbbec_camera/local_setup.dsv
[0.091s] -- Installing: /home/leeeezy/Workspace/GEEK-EGRET-FPV-SDK/Node/ORBBEC_CAMERA/install/orbbec_camera/share/orbbec_camera/package.dsv
[0.091s] -- Up-to-date: /home/leeeezy/Workspace/GEEK-EGRET-FPV-SDK/Node/ORBBEC_CAMERA/install/orbbec_camera/share/ament_index/resource_index/packages/orbbec_camera
[0.091s] -- Up-to-date: /home/leeeezy/Workspace/GEEK-EGRET-FPV-SDK/Node/ORBBEC_CAMERA/install/orbbec_camera/share/orbbec_camera/cmake/orbbec_cameraConfig.cmake
[0.091s] -- Up-to-date: /home/leeeezy/Workspace/GEEK-EGRET-FPV-SDK/Node/ORBBEC_CAMERA/install/orbbec_camera/share/orbbec_camera/cmake/orbbec_cameraConfig-version.cmake
[0.091s] -- Up-to-date: /home/leeeezy/Workspace/GEEK-EGRET-FPV-SDK/Node/ORBBEC_CAMERA/install/orbbec_camera/share/orbbec_camera/package.xml
[0.091s] -- Up-to-date: /home/leeeezy/Workspace/GEEK-EGRET-FPV-SDK/Node/ORBBEC_CAMERA/install/orbbec_camera/lib/orbbec_camera/orbbec_camera
[0.092s] Invoked command in '/home/leeeezy/Workspace/GEEK-EGRET-FPV-SDK/Node/ORBBEC_CAMERA/build/orbbec_camera' returned '0': CMAKE_PREFIX_PATH=${CMAKE_PREFIX_PATH}:/opt/ros/humble /usr/bin/cmake --install /home/leeeezy/Workspace/GEEK-EGRET-FPV-SDK/Node/ORBBEC_CAMERA/build/orbbec_camera
