[0.007s] Invoking command in '/home/leeeezy/Workspace/GEEK-EGRET-FPV-SDK/Node/ORBBEC_CAMERA/build/orbbec_camera': CMAKE_PREFIX_PATH=${CMAKE_PREFIX_PATH}:/opt/ros/humble /usr/bin/cmake /home/leeeezy/Workspace/GEEK-EGRET-FPV-SDK/Node/ORBBEC_CAMERA/ORBBEC_CAMERA_ROS_WS -DCMAKE_INSTALL_PREFIX=/home/leeeezy/Workspace/GEEK-EGRET-FPV-SDK/Node/ORBBEC_CAMERA/install/orbbec_camera
[0.056s] -- The C compiler identification is GNU 11.4.0
[0.097s] -- The CXX compiler identification is GNU 11.4.0
[0.103s] -- Detecting C compiler ABI info
[0.201s] -- Detecting C compiler ABI info - done
[0.207s] -- Check for working C compiler: /usr/bin/cc - skipped
[0.207s] -- Detecting C compile features
[0.207s] -- Detecting C compile features - done
[0.209s] -- Detecting CXX compiler ABI info
[0.270s] -- Detecting CXX compiler ABI info - done
[0.275s] -- Check for working CXX compiler: /usr/bin/c++ - skipped
[0.275s] -- Detecting CXX compile features
[0.275s] -- Detecting CXX compile features - done
[0.276s] -- Found ament_cmake: 1.3.12 (/opt/ros/humble/share/ament_cmake/cmake)
[0.400s] -- Found Python3: /usr/bin/python3 (found version "3.10.12") found components: Interpreter 
[0.463s] -- Found rclcpp: 16.0.17 (/opt/ros/humble/share/rclcpp/cmake)
[0.506s] -- Found rosidl_generator_c: 3.1.8 (/opt/ros/humble/share/rosidl_generator_c/cmake)
[0.509s] -- Found rosidl_adapter: 3.1.8 (/opt/ros/humble/share/rosidl_adapter/cmake)
[0.514s] -- Found rosidl_generator_cpp: 3.1.8 (/opt/ros/humble/share/rosidl_generator_cpp/cmake)
[0.522s] -- Using all available rosidl_typesupport_c: rosidl_typesupport_fastrtps_c;rosidl_typesupport_introspection_c
[0.533s] -- Using all available rosidl_typesupport_cpp: rosidl_typesupport_fastrtps_cpp;rosidl_typesupport_introspection_cpp
[0.561s] -- Found rmw_implementation_cmake: 6.1.2 (/opt/ros/humble/share/rmw_implementation_cmake/cmake)
[0.664s] -- Found rmw_fastrtps_cpp: 6.2.9 (/opt/ros/humble/share/rmw_fastrtps_cpp/cmake)
[0.756s] -- Found OpenSSL: /usr/lib/x86_64-linux-gnu/libcrypto.so (found version "3.0.2")  
[0.780s] -- Found FastRTPS: /opt/ros/humble/include  
[0.817s] -- Using RMW implementation 'rmw_fastrtps_cpp' as default
[0.826s] -- Looking for pthread.h
[0.909s] -- Looking for pthread.h - found
[0.909s] -- Performing Test CMAKE_HAVE_LIBC_PTHREAD
[0.971s] -- Performing Test CMAKE_HAVE_LIBC_PTHREAD - Success
[0.972s] -- Found Threads: TRUE  
[1.008s] -- Found geometry_msgs: 4.9.0 (/opt/ros/humble/share/geometry_msgs/cmake)
[1.017s] -- Found sensor_msgs: 4.9.0 (/opt/ros/humble/share/sensor_msgs/cmake)
[1.034s] -- Found OpenCV: /usr/local/opencv-4.5.5 (found suitable version "4.5.5", minimum required is "4.5") 
[1.035s] -- Found tf2_ros: 0.25.18 (/opt/ros/humble/share/tf2_ros/cmake)
[1.111s] -- Found ament_lint_auto: 0.12.14 (/opt/ros/humble/share/ament_lint_auto/cmake)
[1.330s] -- Added test 'cppcheck' to perform static code analysis on C / C++ code
[1.330s] -- Configured cppcheck include dirs: /home/leeeezy/Workspace/GEEK-EGRET-FPV-SDK/Node/ORBBEC_CAMERA/ORBBEC_CAMERA_ROS_WS/../../../Thirdparty/ORBBEC_SDK/include;/home/leeeezy/Workspace/GEEK-EGRET-FPV-SDK/Node/ORBBEC_CAMERA/ORBBEC_CAMERA_ROS_WS/../../../Thirdparty/ORBBEC_BRIDGE
[1.330s] -- Configured cppcheck exclude dirs and/or files: 
[1.337s] -- Added test 'lint_cmake' to check CMake code style
[1.356s] -- Added test 'uncrustify' to check C / C++ code style
[1.356s] -- Configured uncrustify additional arguments: 
[1.359s] -- Added test 'xmllint' to check XML markup files
[1.361s] -- Configuring done
[1.371s] -- Generating done
[1.374s] -- Build files have been written to: /home/leeeezy/Workspace/GEEK-EGRET-FPV-SDK/Node/ORBBEC_CAMERA/build/orbbec_camera
[1.380s] Invoked command in '/home/leeeezy/Workspace/GEEK-EGRET-FPV-SDK/Node/ORBBEC_CAMERA/build/orbbec_camera' returned '0': CMAKE_PREFIX_PATH=${CMAKE_PREFIX_PATH}:/opt/ros/humble /usr/bin/cmake /home/leeeezy/Workspace/GEEK-EGRET-FPV-SDK/Node/ORBBEC_CAMERA/ORBBEC_CAMERA_ROS_WS -DCMAKE_INSTALL_PREFIX=/home/leeeezy/Workspace/GEEK-EGRET-FPV-SDK/Node/ORBBEC_CAMERA/install/orbbec_camera
[1.382s] Invoking command in '/home/leeeezy/Workspace/GEEK-EGRET-FPV-SDK/Node/ORBBEC_CAMERA/build/orbbec_camera': CMAKE_PREFIX_PATH=${CMAKE_PREFIX_PATH}:/opt/ros/humble /usr/bin/cmake --build /home/leeeezy/Workspace/GEEK-EGRET-FPV-SDK/Node/ORBBEC_CAMERA/build/orbbec_camera -- -j20 -l20
[1.425s] [ 50%] [32mBuilding CXX object CMakeFiles/orbbec_camera.dir/src/orbbec_camera.cpp.o[0m
[3.506s] [01m[K/home/leeeezy/Workspace/GEEK-EGRET-FPV-SDK/Node/ORBBEC_CAMERA/ORBBEC_CAMERA_ROS_WS/src/orbbec_camera.cpp:[m[K In constructor ‘[01m[KOrbbecCamera::OrbbecCamera()[m[K’:
[3.506s] [01m[K/home/leeeezy/Workspace/GEEK-EGRET-FPV-SDK/Node/ORBBEC_CAMERA/ORBBEC_CAMERA_ROS_WS/src/orbbec_camera.cpp:28:14:[m[K [01;35m[Kwarning: [m[Kvariable ‘[01m[Kqos[m[K’ set but not used [[01;35m[K-Wunused-but-set-variable[m[K]
[3.506s]    28 |         auto [01;35m[Kqos[m[K = rclcpp::QoS(rclcpp::QoSInitialization::from_rmw(rmw_qos_profile_default));
[3.506s]       |              [01;35m[K^~~[m[K
[3.527s] In file included from [01m[K/opt/ros/humble/include/rclcpp/rclcpp/logging.hpp:24[m[K,
[3.527s]                  from [01m[K/opt/ros/humble/include/rclcpp/rclcpp/client.hpp:40[m[K,
[3.527s]                  from [01m[K/opt/ros/humble/include/rclcpp/rclcpp/callback_group.hpp:24[m[K,
[3.528s]                  from [01m[K/opt/ros/humble/include/rclcpp/rclcpp/any_executable.hpp:20[m[K,
[3.528s]                  from [01m[K/opt/ros/humble/include/rclcpp/rclcpp/memory_strategy.hpp:25[m[K,
[3.528s]                  from [01m[K/opt/ros/humble/include/rclcpp/rclcpp/memory_strategies.hpp:18[m[K,
[3.528s]                  from [01m[K/opt/ros/humble/include/rclcpp/rclcpp/executor_options.hpp:20[m[K,
[3.528s]                  from [01m[K/opt/ros/humble/include/rclcpp/rclcpp/executor.hpp:37[m[K,
[3.528s]                  from [01m[K/opt/ros/humble/include/rclcpp/rclcpp/executors/multi_threaded_executor.hpp:25[m[K,
[3.528s]                  from [01m[K/opt/ros/humble/include/rclcpp/rclcpp/executors.hpp:21[m[K,
[3.528s]                  from [01m[K/opt/ros/humble/include/rclcpp/rclcpp/rclcpp.hpp:155[m[K,
[3.528s]                  from [01m[K/home/leeeezy/Workspace/GEEK-EGRET-FPV-SDK/Node/ORBBEC_CAMERA/ORBBEC_CAMERA_ROS_WS/src/orbbec_camera.cpp:7[m[K:
[3.528s] [01m[K/home/leeeezy/Workspace/GEEK-EGRET-FPV-SDK/Node/ORBBEC_CAMERA/ORBBEC_CAMERA_ROS_WS/src/orbbec_camera.cpp:[m[K In member function ‘[01m[Kvoid OrbbecCamera::get_cloud_point(std::shared_ptr<ob::FrameSet>)[m[K’:
[3.528s] [01m[K/home/leeeezy/Workspace/GEEK-EGRET-FPV-SDK/Node/ORBBEC_CAMERA/ORBBEC_CAMERA_ROS_WS/src/orbbec_camera.cpp:418:46:[m[K [01;35m[Kwarning: [m[Kformat ‘[01m[K%d[m[K’ expects argument of type ‘[01m[Kint[m[K’, but argument 5 has type ‘[01m[Kstd::vector<OBPoint>::size_type[m[K’ {aka ‘[01m[Klong unsigned int[m[K’} [[01;35m[K-Wformat=[m[K]
[3.528s]   418 |             RCLCPP_DEBUG(this->get_logger(), [01;35m[K"发布点云，点数: %d"[m[K, [32m[KvalidPoints.size()[m[K);
[3.528s]       |                                              [01;35m[K^~~~~~~~~~~~~~~~~~~~[m[K  [32m[K~~~~~~~~~~~~~~~~~~[m[K
[3.528s]       |                                                                                    [32m[K|[m[K
[3.528s]       |                                                                                    [32m[Kstd::vector<OBPoint>::size_type {aka long unsigned int}[m[K
[3.528s] [01m[K/home/leeeezy/Workspace/GEEK-EGRET-FPV-SDK/Node/ORBBEC_CAMERA/ORBBEC_CAMERA_ROS_WS/src/orbbec_camera.cpp:418:64:[m[K [01;36m[Knote: [m[Kformat string is defined here
[3.528s]   418 |             RCLCPP_DEBUG(this->get_logger(), "发布点云，点数: [01;36m[K%d[m[K", validPoints.size());
[3.528s]       |                                                               [01;36m[K~^[m[K
[3.528s]       |                                                                [01;36m[K|[m[K
[3.528s]       |                                                                [01;36m[Kint[m[K
[3.528s]       |                                                               [32m[K%ld[m[K
[6.234s] [100%] [32m[1mLinking CXX executable orbbec_camera[0m
[6.494s] [100%] Built target orbbec_camera
[6.504s] Invoked command in '/home/leeeezy/Workspace/GEEK-EGRET-FPV-SDK/Node/ORBBEC_CAMERA/build/orbbec_camera' returned '0': CMAKE_PREFIX_PATH=${CMAKE_PREFIX_PATH}:/opt/ros/humble /usr/bin/cmake --build /home/leeeezy/Workspace/GEEK-EGRET-FPV-SDK/Node/ORBBEC_CAMERA/build/orbbec_camera -- -j20 -l20
[6.513s] Invoking command in '/home/leeeezy/Workspace/GEEK-EGRET-FPV-SDK/Node/ORBBEC_CAMERA/build/orbbec_camera': CMAKE_PREFIX_PATH=${CMAKE_PREFIX_PATH}:/opt/ros/humble /usr/bin/cmake --install /home/leeeezy/Workspace/GEEK-EGRET-FPV-SDK/Node/ORBBEC_CAMERA/build/orbbec_camera
[6.519s] -- Install configuration: ""
[6.519s] -- Installing: /home/leeeezy/Workspace/GEEK-EGRET-FPV-SDK/Node/ORBBEC_CAMERA/install/orbbec_camera/share/ament_index/resource_index/package_run_dependencies/orbbec_camera
[6.519s] -- Installing: /home/leeeezy/Workspace/GEEK-EGRET-FPV-SDK/Node/ORBBEC_CAMERA/install/orbbec_camera/share/ament_index/resource_index/parent_prefix_path/orbbec_camera
[6.520s] -- Installing: /home/leeeezy/Workspace/GEEK-EGRET-FPV-SDK/Node/ORBBEC_CAMERA/install/orbbec_camera/share/orbbec_camera/environment/ament_prefix_path.sh
[6.520s] -- Installing: /home/leeeezy/Workspace/GEEK-EGRET-FPV-SDK/Node/ORBBEC_CAMERA/install/orbbec_camera/share/orbbec_camera/environment/ament_prefix_path.dsv
[6.520s] -- Installing: /home/leeeezy/Workspace/GEEK-EGRET-FPV-SDK/Node/ORBBEC_CAMERA/install/orbbec_camera/share/orbbec_camera/environment/path.sh
[6.520s] -- Installing: /home/leeeezy/Workspace/GEEK-EGRET-FPV-SDK/Node/ORBBEC_CAMERA/install/orbbec_camera/share/orbbec_camera/environment/path.dsv
[6.520s] -- Installing: /home/leeeezy/Workspace/GEEK-EGRET-FPV-SDK/Node/ORBBEC_CAMERA/install/orbbec_camera/share/orbbec_camera/local_setup.bash
[6.521s] -- Installing: /home/leeeezy/Workspace/GEEK-EGRET-FPV-SDK/Node/ORBBEC_CAMERA/install/orbbec_camera/share/orbbec_camera/local_setup.sh
[6.521s] -- Installing: /home/leeeezy/Workspace/GEEK-EGRET-FPV-SDK/Node/ORBBEC_CAMERA/install/orbbec_camera/share/orbbec_camera/local_setup.zsh
[6.521s] -- Installing: /home/leeeezy/Workspace/GEEK-EGRET-FPV-SDK/Node/ORBBEC_CAMERA/install/orbbec_camera/share/orbbec_camera/local_setup.dsv
[6.521s] -- Installing: /home/leeeezy/Workspace/GEEK-EGRET-FPV-SDK/Node/ORBBEC_CAMERA/install/orbbec_camera/share/orbbec_camera/package.dsv
[6.521s] -- Installing: /home/leeeezy/Workspace/GEEK-EGRET-FPV-SDK/Node/ORBBEC_CAMERA/install/orbbec_camera/share/ament_index/resource_index/packages/orbbec_camera
[6.522s] -- Installing: /home/leeeezy/Workspace/GEEK-EGRET-FPV-SDK/Node/ORBBEC_CAMERA/install/orbbec_camera/share/orbbec_camera/cmake/orbbec_cameraConfig.cmake
[6.522s] -- Installing: /home/leeeezy/Workspace/GEEK-EGRET-FPV-SDK/Node/ORBBEC_CAMERA/install/orbbec_camera/share/orbbec_camera/cmake/orbbec_cameraConfig-version.cmake
[6.522s] -- Installing: /home/leeeezy/Workspace/GEEK-EGRET-FPV-SDK/Node/ORBBEC_CAMERA/install/orbbec_camera/share/orbbec_camera/package.xml
[6.522s] -- Installing: /home/leeeezy/Workspace/GEEK-EGRET-FPV-SDK/Node/ORBBEC_CAMERA/install/orbbec_camera/lib/orbbec_camera/orbbec_camera
[6.524s] Invoked command in '/home/leeeezy/Workspace/GEEK-EGRET-FPV-SDK/Node/ORBBEC_CAMERA/build/orbbec_camera' returned '0': CMAKE_PREFIX_PATH=${CMAKE_PREFIX_PATH}:/opt/ros/humble /usr/bin/cmake --install /home/leeeezy/Workspace/GEEK-EGRET-FPV-SDK/Node/ORBBEC_CAMERA/build/orbbec_camera
