[0.008s] Invoking command in '/home/leeeezy/Workspace/GEEK-EGRET-FPV-SDK/Node/ORB_Slam3/build/orb_slam3': CMAKE_PREFIX_PATH=${CMAKE_PREFIX_PATH}:/opt/ros/humble /usr/bin/cmake --build /home/leeeezy/Workspace/GEEK-EGRET-FPV-SDK/Node/ORB_Slam3/build/orb_slam3 -- -j20 -l20
[0.025s] -- Found ament_cmake: 1.3.12 (/opt/ros/humble/share/ament_cmake/cmake)
[0.116s] -- Found rclcpp: 16.0.17 (/opt/ros/humble/share/rclcpp/cmake)
[0.133s] -- Found rosidl_generator_c: 3.1.8 (/opt/ros/humble/share/rosidl_generator_c/cmake)
[0.135s] -- Found rosidl_adapter: 3.1.8 (/opt/ros/humble/share/rosidl_adapter/cmake)
[0.139s] -- Found rosidl_generator_cpp: 3.1.8 (/opt/ros/humble/share/rosidl_generator_cpp/cmake)
[0.145s] -- Using all available rosidl_typesupport_c: rosidl_typesupport_fastrtps_c;rosidl_typesupport_introspection_c
[0.153s] -- Using all available rosidl_typesupport_cpp: rosidl_typesupport_fastrtps_cpp;rosidl_typesupport_introspection_cpp
[0.174s] -- Found rmw_implementation_cmake: 6.1.2 (/opt/ros/humble/share/rmw_implementation_cmake/cmake)
[0.175s] -- Found rmw_fastrtps_cpp: 6.2.9 (/opt/ros/humble/share/rmw_fastrtps_cpp/cmake)
[0.246s] -- Using RMW implementation 'rmw_fastrtps_cpp' as default
[0.318s] -- Found geometry_msgs: 4.9.0 (/opt/ros/humble/share/geometry_msgs/cmake)
[0.326s] -- Found sensor_msgs: 4.9.0 (/opt/ros/humble/share/sensor_msgs/cmake)
[0.337s] -- Found message_filters: 4.3.11 (/opt/ros/humble/share/message_filters/cmake)
[0.339s] -- Found tf2_ros: 0.25.18 (/opt/ros/humble/share/tf2_ros/cmake)
[0.390s] -- Found tf2_geometry_msgs: 0.25.18 (/opt/ros/humble/share/tf2_geometry_msgs/cmake)
[0.392s] -- Found eigen3_cmake_module: 0.1.1 (/opt/ros/humble/share/eigen3_cmake_module/cmake)
[0.393s] -- Found Eigen3: TRUE (found version "3.3.7") 
[0.393s] -- Ensuring Eigen3 include directory is part of orocos-kdl CMake target
[0.395s] -- Found nav_msgs: 4.9.0 (/opt/ros/humble/share/nav_msgs/cmake)
[0.405s] -- Found visualization_msgs: 4.9.0 (/opt/ros/humble/share/visualization_msgs/cmake)
[0.423s] -- Found Eigen3: TRUE (found suitable version "3.3.7", minimum required is "3.1.0") 
[0.424s] -- Found ament_lint_auto: 0.12.14 (/opt/ros/humble/share/ament_lint_auto/cmake)
[0.473s] -- Added test 'cppcheck' to perform static code analysis on C / C++ code
[0.473s] -- Configured cppcheck include dirs: /home/leeeezy/Workspace/GEEK-EGRET-FPV-SDK/Node/ORB_Slam3/Workspace/../../../Thirdparty/ORB_SLAM3;/home/leeeezy/Workspace/GEEK-EGRET-FPV-SDK/Node/ORB_Slam3/Workspace/../../../Thirdparty/ORB_SLAM3/include;/home/leeeezy/Workspace/GEEK-EGRET-FPV-SDK/Node/ORB_Slam3/Workspace/../../../Thirdparty/ORB_SLAM3/include/CameraModels;/home/leeeezy/Workspace/GEEK-EGRET-FPV-SDK/Node/ORB_Slam3/Workspace/../../../Thirdparty/ORB_SLAM3/Thirdparty;/home/leeeezy/Workspace/GEEK-EGRET-FPV-SDK/Node/ORB_Slam3/Workspace/../../../Thirdparty/ORB_SLAM3/Thirdparty/Sophus;/home/leeeezy/Workspace/GEEK-EGRET-FPV-SDK/Node/ORB_Slam3/Workspace/../../../Thirdparty/ORB_SLAM3/Thirdparty/DBOW2;/home/leeeezy/Workspace/GEEK-EGRET-FPV-SDK/Node/ORB_Slam3/Workspace/../../../Thirdparty/ORB_SLAM3/Thirdparty/g2o;/home/leeeezy/Workspace/GEEK-EGRET-FPV-SDK/Node/ORB_Slam3/Workspace/include
[0.473s] -- Configured cppcheck exclude dirs and/or files: 
[0.475s] -- Added test 'lint_cmake' to check CMake code style
[0.478s] -- Added test 'uncrustify' to check C / C++ code style
[0.478s] -- Configured uncrustify additional arguments: 
[0.479s] -- Added test 'xmllint' to check XML markup files
[0.482s] -- Configuring done
[0.568s] -- Generating done
[0.571s] -- Build files have been written to: /home/leeeezy/Workspace/GEEK-EGRET-FPV-SDK/Node/ORB_Slam3/build/orb_slam3
[0.593s] [35m[1mConsolidate compiler generated dependencies of target orb_slam3[0m
[0.625s] [ 50%] [32m[1mLinking CXX executable orb_slam3[0m
[1.358s] [100%] Built target orb_slam3
[1.472s] Invoked command in '/home/leeeezy/Workspace/GEEK-EGRET-FPV-SDK/Node/ORB_Slam3/build/orb_slam3' returned '0': CMAKE_PREFIX_PATH=${CMAKE_PREFIX_PATH}:/opt/ros/humble /usr/bin/cmake --build /home/leeeezy/Workspace/GEEK-EGRET-FPV-SDK/Node/ORB_Slam3/build/orb_slam3 -- -j20 -l20
[1.508s] Invoking command in '/home/leeeezy/Workspace/GEEK-EGRET-FPV-SDK/Node/ORB_Slam3/build/orb_slam3': CMAKE_PREFIX_PATH=${CMAKE_PREFIX_PATH}:/opt/ros/humble /usr/bin/cmake --install /home/leeeezy/Workspace/GEEK-EGRET-FPV-SDK/Node/ORB_Slam3/build/orb_slam3
[1.523s] -- Install configuration: ""
[1.523s] -- Up-to-date: /home/leeeezy/Workspace/GEEK-EGRET-FPV-SDK/Node/ORB_Slam3/install/orb_slam3/share/ament_index/resource_index/package_run_dependencies/orb_slam3
[1.523s] -- Up-to-date: /home/leeeezy/Workspace/GEEK-EGRET-FPV-SDK/Node/ORB_Slam3/install/orb_slam3/share/ament_index/resource_index/parent_prefix_path/orb_slam3
[1.523s] -- Up-to-date: /home/leeeezy/Workspace/GEEK-EGRET-FPV-SDK/Node/ORB_Slam3/install/orb_slam3/share/orb_slam3/environment/ament_prefix_path.sh
[1.523s] -- Installing: /home/leeeezy/Workspace/GEEK-EGRET-FPV-SDK/Node/ORB_Slam3/install/orb_slam3/share/orb_slam3/environment/ament_prefix_path.dsv
[1.523s] -- Up-to-date: /home/leeeezy/Workspace/GEEK-EGRET-FPV-SDK/Node/ORB_Slam3/install/orb_slam3/share/orb_slam3/environment/path.sh
[1.523s] -- Installing: /home/leeeezy/Workspace/GEEK-EGRET-FPV-SDK/Node/ORB_Slam3/install/orb_slam3/share/orb_slam3/environment/path.dsv
[1.523s] -- Up-to-date: /home/leeeezy/Workspace/GEEK-EGRET-FPV-SDK/Node/ORB_Slam3/install/orb_slam3/share/orb_slam3/local_setup.bash
[1.523s] -- Up-to-date: /home/leeeezy/Workspace/GEEK-EGRET-FPV-SDK/Node/ORB_Slam3/install/orb_slam3/share/orb_slam3/local_setup.sh
[1.523s] -- Up-to-date: /home/leeeezy/Workspace/GEEK-EGRET-FPV-SDK/Node/ORB_Slam3/install/orb_slam3/share/orb_slam3/local_setup.zsh
[1.523s] -- Installing: /home/leeeezy/Workspace/GEEK-EGRET-FPV-SDK/Node/ORB_Slam3/install/orb_slam3/share/orb_slam3/local_setup.dsv
[1.523s] -- Installing: /home/leeeezy/Workspace/GEEK-EGRET-FPV-SDK/Node/ORB_Slam3/install/orb_slam3/share/orb_slam3/package.dsv
[1.523s] -- Up-to-date: /home/leeeezy/Workspace/GEEK-EGRET-FPV-SDK/Node/ORB_Slam3/install/orb_slam3/share/ament_index/resource_index/packages/orb_slam3
[1.523s] -- Up-to-date: /home/leeeezy/Workspace/GEEK-EGRET-FPV-SDK/Node/ORB_Slam3/install/orb_slam3/share/orb_slam3/cmake/orb_slam3Config.cmake
[1.524s] -- Up-to-date: /home/leeeezy/Workspace/GEEK-EGRET-FPV-SDK/Node/ORB_Slam3/install/orb_slam3/share/orb_slam3/cmake/orb_slam3Config-version.cmake
[1.524s] -- Up-to-date: /home/leeeezy/Workspace/GEEK-EGRET-FPV-SDK/Node/ORB_Slam3/install/orb_slam3/share/orb_slam3/package.xml
[1.524s] -- Installing: /home/leeeezy/Workspace/GEEK-EGRET-FPV-SDK/Node/ORB_Slam3/install/orb_slam3/lib/orb_slam3/orb_slam3
[1.528s] -- Set runtime path of "/home/leeeezy/Workspace/GEEK-EGRET-FPV-SDK/Node/ORB_Slam3/install/orb_slam3/lib/orb_slam3/orb_slam3" to "$ORIGIN:/home/leeeezy/Workspace/GEEK-EGRET-FPV-SDK/Node/ORB_Slam3/Workspace/../../../Thirdparty/ORB_SLAM3/lib:/opt/ros/humble/lib:/usr/local/opencv-4.10.0/lib:/usr/local/lib"
[1.531s] Invoked command in '/home/leeeezy/Workspace/GEEK-EGRET-FPV-SDK/Node/ORB_Slam3/build/orb_slam3' returned '0': CMAKE_PREFIX_PATH=${CMAKE_PREFIX_PATH}:/opt/ros/humble /usr/bin/cmake --install /home/leeeezy/Workspace/GEEK-EGRET-FPV-SDK/Node/ORB_Slam3/build/orb_slam3
