[ 50%] [32mBuilding CXX object CMakeFiles/orbbec_camera.dir/src/orbbec_camera.cpp.o[0m
[100%] [32m[1mLinking CXX executable orbbec_camera[0m
[100%] Built target orbbec_camera
-- Install configuration: ""
-- Installing: /home/leeeezy/Workspace/GEEK-EGRET-FPV-SDK/Node/ORBBEC_CAMERA/install/orbbec_camera/share/ament_index/resource_index/package_run_dependencies/orbbec_camera
-- Installing: /home/leeeezy/Workspace/GEEK-EGRET-FPV-SDK/Node/ORBBEC_CAMERA/install/orbbec_camera/share/ament_index/resource_index/parent_prefix_path/orbbec_camera
-- Installing: /home/leeeezy/Workspace/GEEK-EGRET-FPV-SDK/Node/ORBBEC_CAMERA/install/orbbec_camera/share/orbbec_camera/environment/ament_prefix_path.sh
-- Installing: /home/leeeezy/Workspace/GEEK-EGRET-FPV-SDK/Node/ORBBEC_CAMERA/install/orbbec_camera/share/orbbec_camera/environment/ament_prefix_path.dsv
-- Installing: /home/leeeezy/Workspace/GEEK-EGRET-FPV-SDK/Node/ORBBEC_CAMERA/install/orbbec_camera/share/orbbec_camera/environment/path.sh
-- Installing: /home/leeeezy/Workspace/GEEK-EGRET-FPV-SDK/Node/ORBBEC_CAMERA/install/orbbec_camera/share/orbbec_camera/environment/path.dsv
-- Installing: /home/leeeezy/Workspace/GEEK-EGRET-FPV-SDK/Node/ORBBEC_CAMERA/install/orbbec_camera/share/orbbec_camera/local_setup.bash
-- Installing: /home/leeeezy/Workspace/GEEK-EGRET-FPV-SDK/Node/ORBBEC_CAMERA/install/orbbec_camera/share/orbbec_camera/local_setup.sh
-- Installing: /home/leeeezy/Workspace/GEEK-EGRET-FPV-SDK/Node/ORBBEC_CAMERA/install/orbbec_camera/share/orbbec_camera/local_setup.zsh
-- Installing: /home/leeeezy/Workspace/GEEK-EGRET-FPV-SDK/Node/ORBBEC_CAMERA/install/orbbec_camera/share/orbbec_camera/local_setup.dsv
-- Up-to-date: /home/leeeezy/Workspace/GEEK-EGRET-FPV-SDK/Node/ORBBEC_CAMERA/install/orbbec_camera/share/orbbec_camera/package.dsv
-- Installing: /home/leeeezy/Workspace/GEEK-EGRET-FPV-SDK/Node/ORBBEC_CAMERA/install/orbbec_camera/share/ament_index/resource_index/packages/orbbec_camera
-- Installing: /home/leeeezy/Workspace/GEEK-EGRET-FPV-SDK/Node/ORBBEC_CAMERA/install/orbbec_camera/share/orbbec_camera/cmake/orbbec_cameraConfig.cmake
-- Installing: /home/leeeezy/Workspace/GEEK-EGRET-FPV-SDK/Node/ORBBEC_CAMERA/install/orbbec_camera/share/orbbec_camera/cmake/orbbec_cameraConfig-version.cmake
-- Up-to-date: /home/leeeezy/Workspace/GEEK-EGRET-FPV-SDK/Node/ORBBEC_CAMERA/install/orbbec_camera/share/orbbec_camera/package.xml
-- Installing: /home/leeeezy/Workspace/GEEK-EGRET-FPV-SDK/Node/ORBBEC_CAMERA/install/orbbec_camera/lib/orbbec_camera/orbbec_camera
