[01m[K/home/leeeezy/Workspace/GEEK-EGRET-FPV-SDK/Node/ORBBEC_CAMERA/ORBBEC_CAMERA_ROS_WS/src/orbbec_camera.cpp:[m[K In constructor ‘[01m[KOrbbecCamera::OrbbecCamera()[m[K’:
[01m[K/home/leeeezy/Workspace/GEEK-EGRET-FPV-SDK/Node/ORBBEC_CAMERA/ORBBEC_CAMERA_ROS_WS/src/orbbec_camera.cpp:32:14:[m[K [01;35m[Kwarning: [m[Kvariable ‘[01m[Kqos[m[K’ set but not used [[01;35m[K-Wunused-but-set-variable[m[K]
   32 |         auto [01;35m[Kqos[m[K = rclcpp::QoS(rclcpp::QoSInitialization::from_rmw(rmw_qos_profile_default));
      |              [01;35m[K^~~[m[K
[01m[K/home/leeeezy/Workspace/GEEK-EGRET-FPV-SDK/Node/ORBBEC_CAMERA/ORBBEC_CAMERA_ROS_WS/src/orbbec_camera.cpp:[m[K In member function ‘[01m[Kvoid OrbbecCamera::get_rgb_image(std::shared_ptr<ob::FrameSet>)[m[K’:
[01m[K/home/leeeezy/Workspace/GEEK-EGRET-FPV-SDK/Node/ORBBEC_CAMERA/ORBBEC_CAMERA_ROS_WS/src/orbbec_camera.cpp:238:80:[m[K [01;31m[Kerror: [m[K‘[01m[KfromCvCopy[m[K’ is not a member of ‘[01m[Kcv_bridge::CvImage[m[K’
  238 | ::CvImage> cv_image = cv_bridge::CvImage::[01;31m[KfromCvCopy[m[K(rgb_image, "bgr8");
      |                                           [01;31m[K^~~~~~~~~~[m[K

[01m[K/home/leeeezy/Workspace/GEEK-EGRET-FPV-SDK/Node/ORBBEC_CAMERA/ORBBEC_CAMERA_ROS_WS/src/orbbec_camera.cpp:245:45:[m[K [01;31m[Kerror: [m[Kno match for ‘[01m[Koperator=[m[K’ (operand types are ‘[01m[Ksensor_msgs::msg::Image[m[K’ {aka ‘[01m[Ksensor_msgs::msg::Image_<std::allocator<void> >[m[K’} and ‘[01m[Ksensor_msgs::msg::Image_<std::allocator<void> >::SharedPtr[m[K’ {aka ‘[01m[Kstd::shared_ptr<sensor_msgs::msg::Image_<std::allocator<void> > >[m[K’})
  245 |             rgb_msg_ = cv_image->toImageMsg([01;31m[K)[m[K;
      |                                             [01;31m[K^[m[K
In file included from [01m[K/opt/ros/humble/include/sensor_msgs/sensor_msgs/msg/image.hpp:7[m[K,
                 from [01m[K/home/leeeezy/Workspace/GEEK-EGRET-FPV-SDK/Node/ORBBEC_CAMERA/ORBBEC_CAMERA_ROS_WS/src/orbbec_camera.cpp:8[m[K:
[01m[K/opt/ros/humble/include/sensor_msgs/sensor_msgs/msg/detail/image__struct.hpp:37:8:[m[K [01;36m[Knote: [m[Kcandidate: ‘[01m[Ksensor_msgs::msg::Image_<std::allocator<void> >& sensor_msgs::msg::Image_<std::allocator<void> >::operator=(const sensor_msgs::msg::Image_<std::allocator<void> >&)[m[K’
   37 | struct [01;36m[KImage_[m[K
      |        [01;36m[K^~~~~~[m[K
[01m[K/opt/ros/humble/include/sensor_msgs/sensor_msgs/msg/detail/image__struct.hpp:37:8:[m[K [01;36m[Knote: [m[K  no known conversion for argument 1 from ‘[01m[Ksensor_msgs::msg::Image_<std::allocator<void> >::SharedPtr[m[K’ {aka ‘[01m[Kstd::shared_ptr<sensor_msgs::msg::Image_<std::allocator<void> > >[m[K’} to ‘[01m[Kconst sensor_msgs::msg::Image_<std::allocator<void> >&[m[K’
[01m[K/opt/ros/humble/include/sensor_msgs/sensor_msgs/msg/detail/image__struct.hpp:37:8:[m[K [01;36m[Knote: [m[Kcandidate: ‘[01m[Ksensor_msgs::msg::Image_<std::allocator<void> >& sensor_msgs::msg::Image_<std::allocator<void> >::operator=(sensor_msgs::msg::Image_<std::allocator<void> >&&)[m[K’
[01m[K/opt/ros/humble/include/sensor_msgs/sensor_msgs/msg/detail/image__struct.hpp:37:8:[m[K [01;36m[Knote: [m[K  no known conversion for argument 1 from ‘[01m[Ksensor_msgs::msg::Image_<std::allocator<void> >::SharedPtr[m[K’ {aka ‘[01m[Kstd::shared_ptr<sensor_msgs::msg::Image_<std::allocator<void> > >[m[K’} to ‘[01m[Ksensor_msgs::msg::Image_<std::allocator<void> >&&[m[K’
[01m[K/home/leeeezy/Workspace/GEEK-EGRET-FPV-SDK/Node/ORBBEC_CAMERA/ORBBEC_CAMERA_ROS_WS/src/orbbec_camera.cpp:[m[K In member function ‘[01m[Kvoid OrbbecCamera::get_depth_image(std::shared_ptr<ob::FrameSet>)[m[K’:
[01m[K/home/leeeezy/Workspace/GEEK-EGRET-FPV-SDK/Node/ORBBEC_CAMERA/ORBBEC_CAMERA_ROS_WS/src/orbbec_camera.cpp:301:56:[m[K [01;35m[Kwarning: [m[Kunused parameter ‘[01m[Kframe_set[m[K’ [[01;35m[K-Wunused-parameter[m[K]
  301 | _depth_image([01;35m[Kstd::shared_ptr<ob::FrameSet> frame_set[m[K)
      |              [01;35m[K~~~~~~~~~~~~~~~~~~~~~~~~~~~~~~^~~~~~~~~[m[K

In file included from [01m[K/opt/ros/humble/include/rclcpp/rclcpp/logging.hpp:24[m[K,
                 from [01m[K/opt/ros/humble/include/rclcpp/rclcpp/client.hpp:40[m[K,
                 from [01m[K/opt/ros/humble/include/rclcpp/rclcpp/callback_group.hpp:24[m[K,
                 from [01m[K/opt/ros/humble/include/rclcpp/rclcpp/any_executable.hpp:20[m[K,
                 from [01m[K/opt/ros/humble/include/rclcpp/rclcpp/memory_strategy.hpp:25[m[K,
                 from [01m[K/opt/ros/humble/include/rclcpp/rclcpp/memory_strategies.hpp:18[m[K,
                 from [01m[K/opt/ros/humble/include/rclcpp/rclcpp/executor_options.hpp:20[m[K,
                 from [01m[K/opt/ros/humble/include/rclcpp/rclcpp/executor.hpp:37[m[K,
                 from [01m[K/opt/ros/humble/include/rclcpp/rclcpp/executors/multi_threaded_executor.hpp:25[m[K,
                 from [01m[K/opt/ros/humble/include/rclcpp/rclcpp/executors.hpp:21[m[K,
                 from [01m[K/opt/ros/humble/include/rclcpp/rclcpp/rclcpp.hpp:155[m[K,
                 from [01m[K/home/leeeezy/Workspace/GEEK-EGRET-FPV-SDK/Node/ORBBEC_CAMERA/ORBBEC_CAMERA_ROS_WS/src/orbbec_camera.cpp:7[m[K:
[01m[K/home/leeeezy/Workspace/GEEK-EGRET-FPV-SDK/Node/ORBBEC_CAMERA/ORBBEC_CAMERA_ROS_WS/src/orbbec_camera.cpp:[m[K In member function ‘[01m[Kvoid OrbbecCamera::get_cloud_point(std::shared_ptr<ob::FrameSet>)[m[K’:
[01m[K/home/leeeezy/Workspace/GEEK-EGRET-FPV-SDK/Node/ORBBEC_CAMERA/ORBBEC_CAMERA_ROS_WS/src/orbbec_camera.cpp:445:46:[m[K [01;35m[Kwarning: [m[Kformat ‘[01m[K%d[m[K’ expects argument of type ‘[01m[Kint[m[K’, but argument 5 has type ‘[01m[Kstd::vector<OBPoint>::size_type[m[K’ {aka ‘[01m[Klong unsigned int[m[K’} [[01;35m[K-Wformat=[m[K]
  445 |          RCLCPP_DEBUG(this->get_logger(), [01;35m[K"发布点云，点数: %d"[m[K, [32m[KvalidPoints.size()[m[K);
      |                                           [01;35m[K^~~~~~~~~~~~~~~~~~~~[m[K  [32m[K~~~~~~~~~~~~~~~~~~[m[K
      |                                                                                 [32m[K|[m[K
      |                                                                                 [32m[Kstd::vector<OBPoint>::size_type {aka long unsigned int}[m[K

[01m[K/home/leeeezy/Workspace/GEEK-EGRET-FPV-SDK/Node/ORBBEC_CAMERA/ORBBEC_CAMERA_ROS_WS/src/orbbec_camera.cpp:445:64:[m[K [01;36m[Knote: [m[Kformat string is defined here
  445 | BUG(this->get_logger(), "发布点云，点数: [01;36m[K%d[m[K", validPoints.size());
      |                                          [01;36m[K~^[m[K
      |                                           [01;36m[K|[m[K
      |                                           [01;36m[Kint[m[K
      |                                          [32m[K%ld[m[K
gmake[2]: *** [CMakeFiles/orbbec_camera.dir/build.make:76: CMakeFiles/orbbec_camera.dir/src/orbbec_camera.cpp.o] Error 1
gmake[1]: *** [CMakeFiles/Makefile2:137: CMakeFiles/orbbec_camera.dir/all] Error 2
gmake: *** [Makefile:146: all] Error 2
