-- The C compiler identification is GNU 11.4.0
-- The CXX compiler identification is GNU 11.4.0
-- Detecting C compiler ABI info
-- Detecting C compiler ABI info - done
-- Check for working C compiler: /usr/bin/cc - skipped
-- Detecting C compile features
-- Detecting C compile features - done
-- Detecting CXX compiler ABI info
-- Detecting CXX compiler ABI info - done
-- Check for working CXX compiler: /usr/bin/c++ - skipped
-- Detecting CXX compile features
-- Detecting CXX compile features - done
-- Found ament_cmake: 1.3.12 (/opt/ros/humble/share/ament_cmake/cmake)
-- Found Python3: /usr/bin/python3 (found version "3.10.12") found components: Interpreter 
-- Found rclcpp: 16.0.17 (/opt/ros/humble/share/rclcpp/cmake)
-- Found rosidl_generator_c: 3.1.8 (/opt/ros/humble/share/rosidl_generator_c/cmake)
-- Found rosidl_adapter: 3.1.8 (/opt/ros/humble/share/rosidl_adapter/cmake)
-- Found rosidl_generator_cpp: 3.1.8 (/opt/ros/humble/share/rosidl_generator_cpp/cmake)
-- Using all available rosidl_typesupport_c: rosidl_typesupport_fastrtps_c;rosidl_typesupport_introspection_c
-- Using all available rosidl_typesupport_cpp: rosidl_typesupport_fastrtps_cpp;rosidl_typesupport_introspection_cpp
-- Found rmw_implementation_cmake: 6.1.2 (/opt/ros/humble/share/rmw_implementation_cmake/cmake)
-- Found rmw_fastrtps_cpp: 6.2.9 (/opt/ros/humble/share/rmw_fastrtps_cpp/cmake)
-- Found OpenSSL: /usr/lib/x86_64-linux-gnu/libcrypto.so (found version "3.0.2")  
-- Found FastRTPS: /opt/ros/humble/include  
-- Using RMW implementation 'rmw_fastrtps_cpp' as default
-- Looking for pthread.h
-- Looking for pthread.h - found
-- Performing Test CMAKE_HAVE_LIBC_PTHREAD
-- Performing Test CMAKE_HAVE_LIBC_PTHREAD - Success
-- Found Threads: TRUE  
-- Found geometry_msgs: 4.9.0 (/opt/ros/humble/share/geometry_msgs/cmake)
-- Found sensor_msgs: 4.9.0 (/opt/ros/humble/share/sensor_msgs/cmake)
-- Found message_filters: 4.3.11 (/opt/ros/humble/share/message_filters/cmake)
-- Found tf2_ros: 0.25.18 (/opt/ros/humble/share/tf2_ros/cmake)
-- Found tf2_geometry_msgs: 0.25.18 (/opt/ros/humble/share/tf2_geometry_msgs/cmake)
-- Found eigen3_cmake_module: 0.1.1 (/opt/ros/humble/share/eigen3_cmake_module/cmake)
-- Found Eigen3: TRUE (found version "3.3.7") 
-- Ensuring Eigen3 include directory is part of orocos-kdl CMake target
-- Found nav_msgs: 4.9.0 (/opt/ros/humble/share/nav_msgs/cmake)
-- Found visualization_msgs: 4.9.0 (/opt/ros/humble/share/visualization_msgs/cmake)
-- Found OpenCV: /usr/local/opencv-4.10.0 (found suitable version "4.10.0", minimum required is "4.10.0") 
-- Found Eigen3: TRUE (found suitable version "3.3.7", minimum required is "3.1.0") 
-- Found ament_lint_auto: 0.12.14 (/opt/ros/humble/share/ament_lint_auto/cmake)
-- Added test 'cppcheck' to perform static code analysis on C / C++ code
-- Configured cppcheck include dirs: /home/leeeezy/Workspace/GEEK-EGRET-FPV-SDK/Node/ORB_Slam3/Workspace/../../../Thirdparty/ORB_SLAM3;/home/leeeezy/Workspace/GEEK-EGRET-FPV-SDK/Node/ORB_Slam3/Workspace/../../../Thirdparty/ORB_SLAM3/include;/home/leeeezy/Workspace/GEEK-EGRET-FPV-SDK/Node/ORB_Slam3/Workspace/../../../Thirdparty/ORB_SLAM3/include/CameraModels;/home/leeeezy/Workspace/GEEK-EGRET-FPV-SDK/Node/ORB_Slam3/Workspace/../../../Thirdparty/ORB_SLAM3/Thirdparty;/home/leeeezy/Workspace/GEEK-EGRET-FPV-SDK/Node/ORB_Slam3/Workspace/../../../Thirdparty/ORB_SLAM3/Thirdparty/Sophus;/home/leeeezy/Workspace/GEEK-EGRET-FPV-SDK/Node/ORB_Slam3/Workspace/../../../Thirdparty/ORB_SLAM3/Thirdparty/DBOW2;/home/leeeezy/Workspace/GEEK-EGRET-FPV-SDK/Node/ORB_Slam3/Workspace/../../../Thirdparty/ORB_SLAM3/Thirdparty/g2o;/home/leeeezy/Workspace/GEEK-EGRET-FPV-SDK/Node/ORB_Slam3/Workspace/include
-- Configured cppcheck exclude dirs and/or files: 
-- Added test 'lint_cmake' to check CMake code style
-- Added test 'uncrustify' to check C / C++ code style
-- Configured uncrustify additional arguments: 
-- Added test 'xmllint' to check XML markup files
-- Configuring done
-- Generating done
-- Build files have been written to: /home/leeeezy/Workspace/GEEK-EGRET-FPV-SDK/Node/ORB_Slam3/build/orb_slam3
[ 50%] [32mBuilding CXX object CMakeFiles/orb_slam3.dir/src/orb_slam3.cpp.o[0m
[100%] [32m[1mLinking CXX executable orb_slam3[0m
[100%] Built target orb_slam3
-- Install configuration: ""
-- Installing: /home/leeeezy/Workspace/GEEK-EGRET-FPV-SDK/Node/ORB_Slam3/install/orb_slam3/share/ament_index/resource_index/package_run_dependencies/orb_slam3
-- Installing: /home/leeeezy/Workspace/GEEK-EGRET-FPV-SDK/Node/ORB_Slam3/install/orb_slam3/share/ament_index/resource_index/parent_prefix_path/orb_slam3
-- Up-to-date: /home/leeeezy/Workspace/GEEK-EGRET-FPV-SDK/Node/ORB_Slam3/install/orb_slam3/share/orb_slam3/environment/ament_prefix_path.sh
-- Installing: /home/leeeezy/Workspace/GEEK-EGRET-FPV-SDK/Node/ORB_Slam3/install/orb_slam3/share/orb_slam3/environment/ament_prefix_path.dsv
-- Up-to-date: /home/leeeezy/Workspace/GEEK-EGRET-FPV-SDK/Node/ORB_Slam3/install/orb_slam3/share/orb_slam3/environment/path.sh
-- Installing: /home/leeeezy/Workspace/GEEK-EGRET-FPV-SDK/Node/ORB_Slam3/install/orb_slam3/share/orb_slam3/environment/path.dsv
-- Installing: /home/leeeezy/Workspace/GEEK-EGRET-FPV-SDK/Node/ORB_Slam3/install/orb_slam3/share/orb_slam3/local_setup.bash
-- Installing: /home/leeeezy/Workspace/GEEK-EGRET-FPV-SDK/Node/ORB_Slam3/install/orb_slam3/share/orb_slam3/local_setup.sh
-- Installing: /home/leeeezy/Workspace/GEEK-EGRET-FPV-SDK/Node/ORB_Slam3/install/orb_slam3/share/orb_slam3/local_setup.zsh
-- Installing: /home/leeeezy/Workspace/GEEK-EGRET-FPV-SDK/Node/ORB_Slam3/install/orb_slam3/share/orb_slam3/local_setup.dsv
-- Installing: /home/leeeezy/Workspace/GEEK-EGRET-FPV-SDK/Node/ORB_Slam3/install/orb_slam3/share/orb_slam3/package.dsv
-- Installing: /home/leeeezy/Workspace/GEEK-EGRET-FPV-SDK/Node/ORB_Slam3/install/orb_slam3/share/ament_index/resource_index/packages/orb_slam3
-- Installing: /home/leeeezy/Workspace/GEEK-EGRET-FPV-SDK/Node/ORB_Slam3/install/orb_slam3/share/orb_slam3/cmake/orb_slam3Config.cmake
-- Installing: /home/leeeezy/Workspace/GEEK-EGRET-FPV-SDK/Node/ORB_Slam3/install/orb_slam3/share/orb_slam3/cmake/orb_slam3Config-version.cmake
-- Up-to-date: /home/leeeezy/Workspace/GEEK-EGRET-FPV-SDK/Node/ORB_Slam3/install/orb_slam3/share/orb_slam3/package.xml
-- Installing: /home/leeeezy/Workspace/GEEK-EGRET-FPV-SDK/Node/ORB_Slam3/install/orb_slam3/lib/orb_slam3/orb_slam3
-- Set runtime path of "/home/leeeezy/Workspace/GEEK-EGRET-FPV-SDK/Node/ORB_Slam3/install/orb_slam3/lib/orb_slam3/orb_slam3" to "/home/leeeezy/Workspace/GEEK-EGRET-FPV-SDK/Node/ORB_Slam3/Workspace/../../../Thirdparty/ORB_SLAM3/lib:/home/leeeezy/Workspace/GEEK-EGRET-FPV-SDK/Node/ORB_Slam3/Workspace/../../../Thirdparty/ORB_SLAM3/Thirdparty/DBoW2/lib:/home/leeeezy/Workspace/GEEK-EGRET-FPV-SDK/Node/ORB_Slam3/Workspace/../../../Thirdparty/ORB_SLAM3/Thirdparty/g2o/lib:opencv_calib3d:opencv_core:opencv_dnn:opencv_features2d:opencv_flann:opencv_gapi:opencv_highgui:opencv_imgcodecs:opencv_imgproc:opencv_ml:opencv_objdetect:opencv_photo:opencv_stitching:opencv_video:opencv_videoio:opencv_alphamat:opencv_aruco:opencv_bgsegm:opencv_bioinspired:opencv_ccalib:opencv_datasets:opencv_dnn_objdetect:opencv_dnn_superres:opencv_dpm:opencv_face:opencv_freetype:opencv_fuzzy:opencv_hdf:opencv_hfs:opencv_img_hash:opencv_intensity_transform:opencv_line_descriptor:opencv_mcc:opencv_optflow:opencv_phase_unwrapping:opencv_plot:opencv_quality:opencv_rapid:opencv_reg:opencv_rgbd:opencv_saliency:opencv_sfm:opencv_shape:opencv_signal:opencv_stereo:opencv_structured_light:opencv_superres:opencv_surface_matching:opencv_text:opencv_tracking:opencv_videostab:opencv_viz:opencv_wechat_qrcode:opencv_xfeatures2d:opencv_ximgproc:opencv_xobjdetect:opencv_xphoto:/opt/ros/humble/lib:/usr/local/opencv-4.10.0/lib:/usr/local/lib"
