[0.009s] Invoking command in '/home/leeeezy/Workspace/GEEK-EGRET-FPV-SDK/Node/ORB_Slam3/build/orb_slam3': CMAKE_PREFIX_PATH=${CMAKE_PREFIX_PATH}:/opt/ros/humble /usr/bin/cmake --build /home/leeeezy/Workspace/GEEK-EGRET-FPV-SDK/Node/ORB_Slam3/build/orb_slam3 -- -j20 -l20
[0.030s] -- Found ament_cmake: 1.3.12 (/opt/ros/humble/share/ament_cmake/cmake)
[0.131s] -- Found rclcpp: 16.0.17 (/opt/ros/humble/share/rclcpp/cmake)
[0.152s] -- Found rosidl_generator_c: 3.1.8 (/opt/ros/humble/share/rosidl_generator_c/cmake)
[0.154s] -- Found rosidl_adapter: 3.1.8 (/opt/ros/humble/share/rosidl_adapter/cmake)
[0.158s] -- Found rosidl_generator_cpp: 3.1.8 (/opt/ros/humble/share/rosidl_generator_cpp/cmake)
[0.164s] -- Using all available rosidl_typesupport_c: rosidl_typesupport_fastrtps_c;rosidl_typesupport_introspection_c
[0.172s] -- Using all available rosidl_typesupport_cpp: rosidl_typesupport_fastrtps_cpp;rosidl_typesupport_introspection_cpp
[0.193s] -- Found rmw_implementation_cmake: 6.1.2 (/opt/ros/humble/share/rmw_implementation_cmake/cmake)
[0.194s] -- Found rmw_fastrtps_cpp: 6.2.9 (/opt/ros/humble/share/rmw_fastrtps_cpp/cmake)
[0.254s] -- Using RMW implementation 'rmw_fastrtps_cpp' as default
[0.297s] -- Found geometry_msgs: 4.9.0 (/opt/ros/humble/share/geometry_msgs/cmake)
[0.305s] -- Found sensor_msgs: 4.9.0 (/opt/ros/humble/share/sensor_msgs/cmake)
[0.315s] -- Found message_filters: 4.3.11 (/opt/ros/humble/share/message_filters/cmake)
[0.317s] -- Found tf2_ros: 0.25.18 (/opt/ros/humble/share/tf2_ros/cmake)
[0.368s] -- Found tf2_geometry_msgs: 0.25.18 (/opt/ros/humble/share/tf2_geometry_msgs/cmake)
[0.371s] -- Found eigen3_cmake_module: 0.1.1 (/opt/ros/humble/share/eigen3_cmake_module/cmake)
[0.371s] -- Found Eigen3: TRUE (found version "3.3.7") 
[0.372s] -- Ensuring Eigen3 include directory is part of orocos-kdl CMake target
[0.373s] -- Found nav_msgs: 4.9.0 (/opt/ros/humble/share/nav_msgs/cmake)
[0.383s] -- Found visualization_msgs: 4.9.0 (/opt/ros/humble/share/visualization_msgs/cmake)
[0.400s] -- Found Eigen3: TRUE (found suitable version "3.3.7", minimum required is "3.1.0") 
[0.401s] -- Found ament_lint_auto: 0.12.14 (/opt/ros/humble/share/ament_lint_auto/cmake)
[0.448s] -- Added test 'cppcheck' to perform static code analysis on C / C++ code
[0.448s] -- Configured cppcheck include dirs: /home/leeeezy/Workspace/GEEK-EGRET-FPV-SDK/Node/ORB_Slam3/Workspace/../../../Thirdparty/ORB_SLAM3;/home/leeeezy/Workspace/GEEK-EGRET-FPV-SDK/Node/ORB_Slam3/Workspace/../../../Thirdparty/ORB_SLAM3/include;/home/leeeezy/Workspace/GEEK-EGRET-FPV-SDK/Node/ORB_Slam3/Workspace/../../../Thirdparty/ORB_SLAM3/include/CameraModels;/home/leeeezy/Workspace/GEEK-EGRET-FPV-SDK/Node/ORB_Slam3/Workspace/../../../Thirdparty/ORB_SLAM3/Thirdparty;/home/leeeezy/Workspace/GEEK-EGRET-FPV-SDK/Node/ORB_Slam3/Workspace/../../../Thirdparty/ORB_SLAM3/Thirdparty/Sophus;/home/leeeezy/Workspace/GEEK-EGRET-FPV-SDK/Node/ORB_Slam3/Workspace/../../../Thirdparty/ORB_SLAM3/Thirdparty/DBOW2;/home/leeeezy/Workspace/GEEK-EGRET-FPV-SDK/Node/ORB_Slam3/Workspace/../../../Thirdparty/ORB_SLAM3/Thirdparty/g2o;/home/leeeezy/Workspace/GEEK-EGRET-FPV-SDK/Node/ORB_Slam3/Workspace/include
[0.448s] -- Configured cppcheck exclude dirs and/or files: 
[0.450s] -- Added test 'lint_cmake' to check CMake code style
[0.454s] -- Added test 'uncrustify' to check C / C++ code style
[0.454s] -- Configured uncrustify additional arguments: 
[0.454s] -- Added test 'xmllint' to check XML markup files
[0.457s] -- Configuring done
[0.547s] -- Generating done
[0.551s] -- Build files have been written to: /home/leeeezy/Workspace/GEEK-EGRET-FPV-SDK/Node/ORB_Slam3/build/orb_slam3
[0.576s] [35m[1mConsolidate compiler generated dependencies of target orb_slam3[0m
[0.616s] [100%] Built target orb_slam3
[0.642s] Invoked command in '/home/leeeezy/Workspace/GEEK-EGRET-FPV-SDK/Node/ORB_Slam3/build/orb_slam3' returned '0': CMAKE_PREFIX_PATH=${CMAKE_PREFIX_PATH}:/opt/ros/humble /usr/bin/cmake --build /home/leeeezy/Workspace/GEEK-EGRET-FPV-SDK/Node/ORB_Slam3/build/orb_slam3 -- -j20 -l20
[0.662s] Invoking command in '/home/leeeezy/Workspace/GEEK-EGRET-FPV-SDK/Node/ORB_Slam3/build/orb_slam3': CMAKE_PREFIX_PATH=${CMAKE_PREFIX_PATH}:/opt/ros/humble /usr/bin/cmake --install /home/leeeezy/Workspace/GEEK-EGRET-FPV-SDK/Node/ORB_Slam3/build/orb_slam3
[0.677s] -- Install configuration: ""
[0.678s] -- Up-to-date: /home/leeeezy/Workspace/GEEK-EGRET-FPV-SDK/Node/ORB_Slam3/install/orb_slam3/share/ament_index/resource_index/package_run_dependencies/orb_slam3
[0.679s] -- Installing: /home/leeeezy/Workspace/GEEK-EGRET-FPV-SDK/Node/ORB_Slam3/install/orb_slam3/share/ament_index/resource_index/parent_prefix_path/orb_slam3
[0.680s] -- Up-to-date: /home/leeeezy/Workspace/GEEK-EGRET-FPV-SDK/Node/ORB_Slam3/install/orb_slam3/share/orb_slam3/environment/ament_prefix_path.sh
[0.680s] -- Installing: /home/leeeezy/Workspace/GEEK-EGRET-FPV-SDK/Node/ORB_Slam3/install/orb_slam3/share/orb_slam3/environment/ament_prefix_path.dsv
[0.681s] -- Up-to-date: /home/leeeezy/Workspace/GEEK-EGRET-FPV-SDK/Node/ORB_Slam3/install/orb_slam3/share/orb_slam3/environment/path.sh
[0.681s] -- Installing: /home/leeeezy/Workspace/GEEK-EGRET-FPV-SDK/Node/ORB_Slam3/install/orb_slam3/share/orb_slam3/environment/path.dsv
[0.681s] -- Up-to-date: /home/leeeezy/Workspace/GEEK-EGRET-FPV-SDK/Node/ORB_Slam3/install/orb_slam3/share/orb_slam3/local_setup.bash
[0.681s] -- Up-to-date: /home/leeeezy/Workspace/GEEK-EGRET-FPV-SDK/Node/ORB_Slam3/install/orb_slam3/share/orb_slam3/local_setup.sh
[0.681s] -- Up-to-date: /home/leeeezy/Workspace/GEEK-EGRET-FPV-SDK/Node/ORB_Slam3/install/orb_slam3/share/orb_slam3/local_setup.zsh
[0.681s] -- Installing: /home/leeeezy/Workspace/GEEK-EGRET-FPV-SDK/Node/ORB_Slam3/install/orb_slam3/share/orb_slam3/local_setup.dsv
[0.681s] -- Installing: /home/leeeezy/Workspace/GEEK-EGRET-FPV-SDK/Node/ORB_Slam3/install/orb_slam3/share/orb_slam3/package.dsv
[0.682s] -- Up-to-date: /home/leeeezy/Workspace/GEEK-EGRET-FPV-SDK/Node/ORB_Slam3/install/orb_slam3/share/ament_index/resource_index/packages/orb_slam3
[0.682s] -- Up-to-date: /home/leeeezy/Workspace/GEEK-EGRET-FPV-SDK/Node/ORB_Slam3/install/orb_slam3/share/orb_slam3/cmake/orb_slam3Config.cmake
[0.682s] -- Up-to-date: /home/leeeezy/Workspace/GEEK-EGRET-FPV-SDK/Node/ORB_Slam3/install/orb_slam3/share/orb_slam3/cmake/orb_slam3Config-version.cmake
[0.682s] -- Up-to-date: /home/leeeezy/Workspace/GEEK-EGRET-FPV-SDK/Node/ORB_Slam3/install/orb_slam3/share/orb_slam3/package.xml
[0.682s] -- Installing: /home/leeeezy/Workspace/GEEK-EGRET-FPV-SDK/Node/ORB_Slam3/install/orb_slam3/lib/orb_slam3/orb_slam3
[0.686s] -- Set runtime path of "/home/leeeezy/Workspace/GEEK-EGRET-FPV-SDK/Node/ORB_Slam3/install/orb_slam3/lib/orb_slam3/orb_slam3" to "/home/leeeezy/Workspace/GEEK-EGRET-FPV-SDK/Node/ORB_Slam3/Workspace/../../../Thirdparty/ORB_SLAM3/lib:/home/leeeezy/Workspace/GEEK-EGRET-FPV-SDK/Node/ORB_Slam3/Workspace/../../../Thirdparty/ORB_SLAM3/Thirdparty/DBoW2/lib:/home/leeeezy/Workspace/GEEK-EGRET-FPV-SDK/Node/ORB_Slam3/Workspace/../../../Thirdparty/ORB_SLAM3/Thirdparty/g2o/lib:opencv_calib3d:opencv_core:opencv_dnn:opencv_features2d:opencv_flann:opencv_gapi:opencv_highgui:opencv_imgcodecs:opencv_imgproc:opencv_ml:opencv_objdetect:opencv_photo:opencv_stitching:opencv_video:opencv_videoio:opencv_alphamat:opencv_aruco:opencv_bgsegm:opencv_bioinspired:opencv_ccalib:opencv_datasets:opencv_dnn_objdetect:opencv_dnn_superres:opencv_dpm:opencv_face:opencv_freetype:opencv_fuzzy:opencv_hdf:opencv_hfs:opencv_img_hash:opencv_intensity_transform:opencv_line_descriptor:opencv_mcc:opencv_optflow:opencv_phase_unwrapping:opencv_plot:opencv_quality:opencv_rapid:opencv_reg:opencv_rgbd:opencv_saliency:opencv_sfm:opencv_shape:opencv_signal:opencv_stereo:opencv_structured_light:opencv_superres:opencv_surface_matching:opencv_text:opencv_tracking:opencv_videostab:opencv_viz:opencv_wechat_qrcode:opencv_xfeatures2d:opencv_ximgproc:opencv_xobjdetect:opencv_xphoto:/opt/ros/humble/lib:/usr/local/opencv-4.10.0/lib:/usr/local/lib"
[0.688s] Invoked command in '/home/leeeezy/Workspace/GEEK-EGRET-FPV-SDK/Node/ORB_Slam3/build/orb_slam3' returned '0': CMAKE_PREFIX_PATH=${CMAKE_PREFIX_PATH}:/opt/ros/humble /usr/bin/cmake --install /home/leeeezy/Workspace/GEEK-EGRET-FPV-SDK/Node/ORB_Slam3/build/orb_slam3
